Log file open, 09/21/23 18:47:14
LogInit: Display: Running engine for game: Abstraction
LogPlatformFile: Not using cached read wrapper
LogTaskGraph: Started task graph with 5 named threads and 47 total threads with 3 sets of task threads.
LogStats: Stats thread started at 0.178124
LogD3D11RHI: Loaded GFSDK_Aftermath_Lib.x64.dll
LogICUInternationalization: ICU TimeZone Detection - Raw Offset: +0:00, Platform Override: ''
LogPluginManager: Mounting plugin Paper2D
LogPluginManager: Mounting plugin AISupport
LogPluginManager: Mounting plugin LightPropagationVolume
LogPluginManager: Mounting plugin CameraShakePreviewer
LogPluginManager: Mounting plugin ActorLayerUtilities
LogPluginManager: Mounting plugin AnimationSharing
LogPluginManager: Mounting plugin CLionSourceCodeAccess
LogPluginManager: Mounting plugin CodeLiteSourceCodeAccess
LogPluginManager: Mounting plugin GitSourceControl
LogPluginManager: Mounting plugin KDevelopSourceCodeAccess
LogPluginManager: Mounting plugin NullSourceCodeAccess
LogPluginManager: Mounting plugin PerforceSourceControl
LogPluginManager: Mounting plugin PlasticSourceControl
LogPluginManager: Mounting plugin RiderSourceCodeAccess
LogPluginManager: Mounting plugin SubversionSourceControl
LogPluginManager: Mounting plugin UObjectPlugin
LogPluginManager: Mounting plugin VisualStudioCodeSourceCodeAccess
LogPluginManager: Mounting plugin VisualStudioSourceCodeAccess
LogPluginManager: Mounting plugin XCodeSourceCodeAccess
LogPluginManager: Mounting plugin AssetManagerEditor
LogPluginManager: Mounting plugin CryptoKeys
LogPluginManager: Mounting plugin CurveEditorTools
LogPluginManager: Mounting plugin DataValidation
LogPluginManager: Mounting plugin EditorScriptingUtilities
LogPluginManager: Mounting plugin FacialAnimation
LogPluginManager: Mounting plugin GameplayTagsEditor
LogPluginManager: Mounting plugin GeometryMode
LogPluginManager: Mounting plugin MacGraphicsSwitching
LogPluginManager: Mounting plugin MaterialAnalyzer
LogPluginManager: Mounting plugin MobileLauncherProfileWizard
LogPluginManager: Mounting plugin PluginBrowser
LogPluginManager: Mounting plugin SpeedTreeImporter
LogPluginManager: Mounting plugin DatasmithContent
LogPluginManager: Mounting plugin VariantManagerContent
LogPluginManager: Mounting plugin AlembicImporter
LogPluginManager: Mounting plugin AutomationUtils
LogPluginManager: Mounting plugin BackChannel
LogPluginManager: Mounting plugin ChaosCloth
LogPluginManager: Mounting plugin ChaosClothEditor
LogPluginManager: Mounting plugin ChaosEditor
LogPluginManager: Mounting plugin ChaosNiagara
LogPluginManager: Mounting plugin ChaosSolverPlugin
LogPluginManager: Mounting plugin CharacterAI
LogPluginManager: Mounting plugin GeometryCache
LogPluginManager: Mounting plugin GeometryCollectionPlugin
LogPluginManager: Mounting plugin GeometryProcessing
LogPluginManager: Mounting plugin PlanarCut
LogPluginManager: Mounting plugin PlatformCrypto
LogPluginManager: Mounting plugin ProxyLODPlugin
LogPluginManager: Mounting plugin SkeletalReduction
LogPluginManager: Mounting plugin Niagara
LogPluginManager: Mounting plugin MagicLeap
LogPluginManager: Mounting plugin MagicLeapLightEstimation
LogPluginManager: Mounting plugin MagicLeapMedia
LogPluginManager: Mounting plugin MagicLeapPassableWorld
LogPluginManager: Mounting plugin MLSDK
LogPluginManager: Mounting plugin AndroidMedia
LogPluginManager: Mounting plugin AvfMedia
LogPluginManager: Mounting plugin ImgMedia
LogPluginManager: Mounting plugin MediaCompositing
LogPluginManager: Mounting plugin MediaPlayerEditor
LogPluginManager: Mounting plugin WebMMedia
LogPluginManager: Mounting plugin WmfMedia
LogPluginManager: Mounting plugin MeshPainting
LogPluginManager: Mounting plugin TcpMessaging
LogPluginManager: Mounting plugin UdpMessaging
LogPluginManager: Mounting plugin ActorSequence
LogPluginManager: Mounting plugin LevelSequenceEditor
LogPluginManager: Mounting plugin MatineeToLevelSequence
LogPluginManager: Mounting plugin MovieRenderPipeline
LogPluginManager: Mounting plugin TemplateSequence
LogPluginManager: Mounting plugin NetcodeUnitTest
LogPluginManager: Mounting plugin NUTUnrealEngine4
LogPluginManager: Mounting plugin OnlineSubsystemGooglePlay
LogPluginManager: Mounting plugin OnlineSubsystemIOS
LogPluginManager: Mounting plugin OnlineSubsystem
LogPluginManager: Mounting plugin OnlineSubsystemNull
LogPluginManager: Mounting plugin OnlineSubsystemUtils
LogPluginManager: Mounting plugin LauncherChunkInstaller
LogPluginManager: Mounting plugin AndroidDeviceProfileSelector
LogPluginManager: Mounting plugin AndroidMoviePlayer
LogPluginManager: Mounting plugin AndroidPermission
LogPluginManager: Mounting plugin AppleImageUtils
LogPluginManager: Mounting plugin AppleMoviePlayer
LogPluginManager: Mounting plugin ArchVisCharacter
LogPluginManager: Mounting plugin AssetTags
LogPluginManager: Mounting plugin AudioCapture
LogPluginManager: Mounting plugin CableComponent
LogPluginManager: Mounting plugin CustomMeshComponent
LogPluginManager: Mounting plugin EditableMesh
LogPluginManager: Mounting plugin ExampleDeviceProfileSelector
LogPluginManager: Mounting plugin GoogleCloudMessaging
LogPluginManager: Mounting plugin GooglePAD
LogPluginManager: Mounting plugin IOSDeviceProfileSelector
LogPluginManager: Mounting plugin LinuxDeviceProfileSelector
LogPluginManager: Mounting plugin LocationServicesBPLibrary
LogPluginManager: Mounting plugin MobilePatchingUtils
LogPluginManager: Mounting plugin OculusVR
LogPluginManager: Mounting plugin PhysXVehicles
LogPluginManager: Mounting plugin PostSplashScreen
LogPluginManager: Mounting plugin ProceduralMeshComponent
LogPluginManager: Mounting plugin RuntimePhysXCooking
LogPluginManager: Mounting plugin SignificanceManager
LogPluginManager: Mounting plugin SoundFields
LogPluginManager: Mounting plugin SteamVR
LogPluginManager: Mounting plugin Synthesis
LogPluginManager: Mounting plugin WebMMoviePlayer
LogPluginManager: Mounting plugin WindowsMoviePlayer
LogPluginManager: Mounting plugin ScreenshotTools
LogInit: Using libcurl 7.55.1-DEV
LogInit:  - built for x86_64-pc-win32
LogInit:  - supports SSL with OpenSSL/1.1.1
LogInit:  - supports HTTP deflate (compression) using libz 1.2.8
LogInit:  - other features:
LogInit:      CURL_VERSION_SSL
LogInit:      CURL_VERSION_LIBZ
LogInit:      CURL_VERSION_IPV6
LogInit:      CURL_VERSION_ASYNCHDNS
LogInit:      CURL_VERSION_LARGEFILE
LogInit:      CURL_VERSION_IDN
LogInit:  CurlRequestOptions (configurable via config and command line):
LogInit:  - bVerifyPeer = true  - Libcurl will verify peer certificate
LogInit:  - bUseHttpProxy = false  - Libcurl will NOT use HTTP proxy
LogInit:  - bDontReuseConnections = false  - Libcurl will reuse connections
LogInit:  - MaxHostConnections = 16  - Libcurl will limit the number of connections to a host
LogInit:  - LocalHostAddr = Default
LogInit:  - BufferSize = 65536
LogOnline: OSS: Creating online subsystem instance for: NULL
LogInit: WinSock: version 1.1 (2.2), MaxSocks=32767, MaxUdp=65467
LogOnline: OSS: TryLoadSubsystemAndSetDefault: Loaded subsystem for module [NULL]
LogInit: Build: ++UE4+Release-4.25-CL-14469661
LogInit: Engine Version: 4.25.4-14469661+++UE4+Release-4.25
LogInit: Compatible Engine Version: 4.25.0-13144385+++UE4+Release-4.25
LogInit: Net CL: 13144385
LogInit: OS: Windows 10 (Release 2009) (), CPU: 11th Gen Intel(R) Core(TM) i9-11900K @ 3.50GHz, GPU: NVIDIA GeForce RTX 3080 Ti
LogInit: Compiled (64-bit): Oct 11 2020 08:10:49
LogInit: Compiled with Visual C++: 19.24.28315.00
LogInit: Build Configuration: Development
LogInit: Branch Name: ++UE4+Release-4.25
LogInit: Command Line: 
LogInit: Base Directory: D:/Program Files (x86)/Epic Games/UE_4.25/Engine/Binaries/Win64/
LogInit: Allocator: TBB
LogInit: Installed Engine Build: 1
LogDevObjectVersion: Number of dev versions registered: 26
LogDevObjectVersion:   Dev-Blueprints (B0D832E4-1F89-4F0D-ACCF-7EB736FD4AA2): 10
LogDevObjectVersion:   Dev-Build (E1C64328-A22C-4D53-A36C-8E866417BD8C): 0
LogDevObjectVersion:   Dev-Core (375EC13C-06E4-48FB-B500-84F0262A717E): 4
LogDevObjectVersion:   Dev-Editor (E4B068ED-F494-42E9-A231-DA0B2E46BB41): 38
LogDevObjectVersion:   Dev-Framework (CFFC743F-43B0-4480-9391-14DF171D2073): 37
LogDevObjectVersion:   Dev-Mobile (B02B49B5-BB20-44E9-A304-32B752E40360): 2
LogDevObjectVersion:   Dev-Networking (A4E4105C-59A1-49B5-A7C5-40C4547EDFEE): 0
LogDevObjectVersion:   Dev-Online (39C831C9-5AE6-47DC-9A44-9C173E1C8E7C): 0
LogDevObjectVersion:   Dev-Physics (78F01B33-EBEA-4F98-B9B4-84EACCB95AA2): 4
LogDevObjectVersion:   Dev-Platform (6631380F-2D4D-43E0-8009-CF276956A95A): 0
LogDevObjectVersion:   Dev-Rendering (12F88B9F-8875-4AFC-A67C-D90C383ABD29): 43
LogDevObjectVersion:   Dev-Sequencer (7B5AE74C-D270-4C10-A958-57980B212A5A): 12
LogDevObjectVersion:   Dev-VR (D7296918-1DD6-4BDD-9DE2-64A83CC13884): 3
LogDevObjectVersion:   Dev-LoadTimes (C2A15278-BFE7-4AFE-6C17-90FF531DF755): 1
LogDevObjectVersion:   Private-Geometry (6EACA3D4-40EC-4CC1-B786-8BED09428FC5): 3
LogDevObjectVersion:   Dev-AnimPhys (29E575DD-E0A3-4627-9D10-D276232CDCEA): 17
LogDevObjectVersion:   Dev-Anim (AF43A65D-7FD3-4947-9873-3E8ED9C1BB05): 7
LogDevObjectVersion:   Dev-ReflectionCapture (6B266CEC-1EC7-4B8F-A30B-E4D90942FC07): 1
LogDevObjectVersion:   Dev-Automation (0DF73D61-A23F-47EA-B727-89E90C41499A): 1
LogDevObjectVersion:   FortniteMain (601D1886-AC64-4F84-AA16-D3DE0DEAC7D6): 31
LogDevObjectVersion:   Dev-Enterprise (9DFFBCD6-494F-0158-E221-12823C92A888): 10
LogDevObjectVersion:   Dev-Niagara (F2AED0AC-9AFE-416F-8664-AA7FFA26D6FC): 1
LogDevObjectVersion:   Dev-Destruction (174F1F0B-B4C6-45A5-B13F-2EE8D0FB917D): 10
LogDevObjectVersion:   Dev-Physics-Ext (35F94A83-E258-406C-A318-09F59610247C): 37
LogDevObjectVersion:   Dev-PhysicsMaterial-Chaos (B68FC16E-8B1B-42E2-B453-215C058844FE): 1
LogDevObjectVersion:   Dev-CineCamera (B2E18506-4273-CFC2-A54E-F4BB758BBA07): 1
LogInit: Presizing for max 25165824 objects, including 0 objects not considered by GC, pre-allocating 0 bytes for permanent pool.
LogConfig: Applying CVar settings from Section [/Script/Engine.StreamingSettings] File [D:/Unreal Projects/Abstraction/Saved/Config/Windows/Engine.ini]
LogConfig: Setting CVar [[s.MinBulkDataSizeForAsyncLoading:131072]]
LogConfig: Setting CVar [[s.AsyncLoadingThreadEnabled:0]]
LogConfig: Setting CVar [[s.EventDrivenLoaderEnabled:1]]
LogConfig: Setting CVar [[s.WarnIfTimeLimitExceeded:0]]
LogConfig: Setting CVar [[s.TimeLimitExceededMultiplier:1.5]]
LogConfig: Setting CVar [[s.TimeLimitExceededMinTime:0.005]]
LogConfig: Setting CVar [[s.UseBackgroundLevelStreaming:1]]
LogConfig: Setting CVar [[s.PriorityAsyncLoadingExtraTime:15.0]]
LogConfig: Setting CVar [[s.LevelStreamingActorsUpdateTimeLimit:5.0]]
LogConfig: Setting CVar [[s.PriorityLevelStreamingActorsUpdateExtraTime:5.0]]
LogConfig: Setting CVar [[s.LevelStreamingComponentsRegistrationGranularity:10]]
LogConfig: Setting CVar [[s.UnregisterComponentsTimeLimit:1.0]]
LogConfig: Setting CVar [[s.LevelStreamingComponentsUnregistrationGranularity:5]]
LogConfig: Setting CVar [[s.FlushStreamingOnExit:1]]
LogInit: Object subsystem initialized
LogConfig: Setting CVar [[con.DebugEarlyDefault:1]]
LogConfig: Setting CVar [[r.setres:1280x720]]
[2023.09.21-17.47.14:595][  0]LogConfig: Setting CVar [[r.VSync:0]]
[2023.09.21-17.47.14:595][  0]LogConfig: Setting CVar [[r.RHICmdBypass:0]]
[2023.09.21-17.47.14:595][  0]LogConfig: Applying CVar settings from Section [/Script/Engine.RendererSettings] File [D:/Unreal Projects/Abstraction/Saved/Config/Windows/Engine.ini]
[2023.09.21-17.47.14:595][  0]LogConfig: Setting CVar [[r.GPUCrashDebugging:0]]
[2023.09.21-17.47.14:595][  0]LogConfig: Applying CVar settings from Section [/Script/Engine.RendererOverrideSettings] File [D:/Unreal Projects/Abstraction/Saved/Config/Windows/Engine.ini]
[2023.09.21-17.47.14:595][  0]LogConfig: Applying CVar settings from Section [/Script/Engine.StreamingSettings] File [D:/Unreal Projects/Abstraction/Saved/Config/Windows/Engine.ini]
[2023.09.21-17.47.14:595][  0]LogConfig: Setting CVar [[s.MinBulkDataSizeForAsyncLoading:131072]]
[2023.09.21-17.47.14:595][  0]LogConfig: Setting CVar [[s.AsyncLoadingThreadEnabled:0]]
[2023.09.21-17.47.14:595][  0]LogConfig: Setting CVar [[s.EventDrivenLoaderEnabled:1]]
[2023.09.21-17.47.14:595][  0]LogConfig: Setting CVar [[s.WarnIfTimeLimitExceeded:0]]
[2023.09.21-17.47.14:595][  0]LogConfig: Setting CVar [[s.TimeLimitExceededMultiplier:1.5]]
[2023.09.21-17.47.14:595][  0]LogConfig: Setting CVar [[s.TimeLimitExceededMinTime:0.005]]
[2023.09.21-17.47.14:595][  0]LogConfig: Setting CVar [[s.UseBackgroundLevelStreaming:1]]
[2023.09.21-17.47.14:595][  0]LogConfig: Setting CVar [[s.PriorityAsyncLoadingExtraTime:15.0]]
[2023.09.21-17.47.14:595][  0]LogConfig: Setting CVar [[s.LevelStreamingActorsUpdateTimeLimit:5.0]]
[2023.09.21-17.47.14:595][  0]LogConfig: Setting CVar [[s.PriorityLevelStreamingActorsUpdateExtraTime:5.0]]
[2023.09.21-17.47.14:595][  0]LogConfig: Setting CVar [[s.LevelStreamingComponentsRegistrationGranularity:10]]
[2023.09.21-17.47.14:595][  0]LogConfig: Setting CVar [[s.UnregisterComponentsTimeLimit:1.0]]
[2023.09.21-17.47.14:595][  0]LogConfig: Setting CVar [[s.LevelStreamingComponentsUnregistrationGranularity:5]]
[2023.09.21-17.47.14:595][  0]LogConfig: Setting CVar [[s.FlushStreamingOnExit:1]]
[2023.09.21-17.47.14:595][  0]LogConfig: Applying CVar settings from Section [/Script/Engine.GarbageCollectionSettings] File [D:/Unreal Projects/Abstraction/Saved/Config/Windows/Engine.ini]
[2023.09.21-17.47.14:595][  0]LogConfig: Setting CVar [[gc.MaxObjectsNotConsideredByGC:1]]
[2023.09.21-17.47.14:595][  0]LogConfig: Setting CVar [[gc.SizeOfPermanentObjectPool:0]]
[2023.09.21-17.47.14:595][  0]LogConfig: Setting CVar [[gc.FlushStreamingOnGC:0]]
[2023.09.21-17.47.14:595][  0]LogConfig: Setting CVar [[gc.NumRetriesBeforeForcingGC:10]]
[2023.09.21-17.47.14:595][  0]LogConfig: Setting CVar [[gc.AllowParallelGC:1]]
[2023.09.21-17.47.14:595][  0]LogConfig: Setting CVar [[gc.TimeBetweenPurgingPendingKillObjects:61.1]]
[2023.09.21-17.47.14:595][  0]LogConfig: Setting CVar [[gc.MaxObjectsInEditor:25165824]]
[2023.09.21-17.47.14:595][  0]LogConfig: Setting CVar [[gc.IncrementalBeginDestroyEnabled:1]]
[2023.09.21-17.47.14:595][  0]LogConfig: Setting CVar [[gc.CreateGCClusters:1]]
[2023.09.21-17.47.14:595][  0]LogConfig: Setting CVar [[gc.MinGCClusterSize:5]]
[2023.09.21-17.47.14:595][  0]LogConfig: Setting CVar [[gc.ActorClusteringEnabled:0]]
[2023.09.21-17.47.14:595][  0]LogConfig: Setting CVar [[gc.BlueprintClusteringEnabled:0]]
[2023.09.21-17.47.14:595][  0]LogConfig: Setting CVar [[gc.UseDisregardForGCOnDedicatedServers:0]]
[2023.09.21-17.47.14:595][  0]LogConfig: Applying CVar settings from Section [/Script/Engine.NetworkSettings] File [D:/Unreal Projects/Abstraction/Saved/Config/Windows/Engine.ini]
[2023.09.21-17.47.14:595][  0]LogConfig: Applying CVar settings from Section [/Script/UnrealEd.CookerSettings] File [D:/Unreal Projects/Abstraction/Saved/Config/Windows/Engine.ini]
[2023.09.21-17.47.14:598][  0]LogConfig: Applying CVar settings from Section [ViewDistanceQuality@3] File [D:/Unreal Projects/Abstraction/Saved/Config/Windows/Scalability.ini]
[2023.09.21-17.47.14:598][  0]LogConfig: Setting CVar [[r.SkeletalMeshLODBias:0]]
[2023.09.21-17.47.14:598][  0]LogConfig: Setting CVar [[r.ViewDistanceScale:1.0]]
[2023.09.21-17.47.14:598][  0]LogConfig: Applying CVar settings from Section [AntiAliasingQuality@3] File [D:/Unreal Projects/Abstraction/Saved/Config/Windows/Scalability.ini]
[2023.09.21-17.47.14:598][  0]LogConfig: Setting CVar [[r.PostProcessAAQuality:4]]
[2023.09.21-17.47.14:598][  0]LogConfig: Applying CVar settings from Section [ShadowQuality@3] File [D:/Unreal Projects/Abstraction/Saved/Config/Windows/Scalability.ini]
[2023.09.21-17.47.14:598][  0]LogConfig: Setting CVar [[r.LightFunctionQuality:1]]
[2023.09.21-17.47.14:598][  0]LogConfig: Setting CVar [[r.ShadowQuality:5]]
[2023.09.21-17.47.14:598][  0]LogConfig: Setting CVar [[r.Shadow.CSM.MaxCascades:10]]
[2023.09.21-17.47.14:598][  0]LogConfig: Setting CVar [[r.Shadow.MaxResolution:2048]]
[2023.09.21-17.47.14:598][  0]LogConfig: Setting CVar [[r.Shadow.MaxCSMResolution:2048]]
[2023.09.21-17.47.14:598][  0]LogConfig: Setting CVar [[r.Shadow.RadiusThreshold:0.01]]
[2023.09.21-17.47.14:598][  0]LogConfig: Setting CVar [[r.Shadow.DistanceScale:1.0]]
[2023.09.21-17.47.14:598][  0]LogConfig: Setting CVar [[r.Shadow.CSM.TransitionScale:1.0]]
[2023.09.21-17.47.14:598][  0]LogConfig: Setting CVar [[r.Shadow.PreShadowResolutionFactor:1.0]]
[2023.09.21-17.47.14:598][  0]LogConfig: Setting CVar [[r.DistanceFieldShadowing:1]]
[2023.09.21-17.47.14:598][  0]LogConfig: Setting CVar [[r.DistanceFieldAO:1]]
[2023.09.21-17.47.14:598][  0]LogConfig: Setting CVar [[r.AOQuality:2]]
[2023.09.21-17.47.14:598][  0]LogConfig: Setting CVar [[r.VolumetricFog:1]]
[2023.09.21-17.47.14:598][  0]LogConfig: Setting CVar [[r.VolumetricFog.GridPixelSize:8]]
[2023.09.21-17.47.14:598][  0]LogConfig: Setting CVar [[r.VolumetricFog.GridSizeZ:128]]
[2023.09.21-17.47.14:598][  0]LogConfig: Setting CVar [[r.VolumetricFog.HistoryMissSupersampleCount:4]]
[2023.09.21-17.47.14:598][  0]LogConfig: Setting CVar [[r.LightMaxDrawDistanceScale:1]]
[2023.09.21-17.47.14:598][  0]LogConfig: Setting CVar [[r.CapsuleShadows:1]]
[2023.09.21-17.47.14:598][  0]LogConfig: Applying CVar settings from Section [PostProcessQuality@3] File [D:/Unreal Projects/Abstraction/Saved/Config/Windows/Scalability.ini]
[2023.09.21-17.47.14:598][  0]LogConfig: Setting CVar [[r.MotionBlurQuality:4]]
[2023.09.21-17.47.14:598][  0]LogConfig: Setting CVar [[r.AmbientOcclusionMipLevelFactor:0.4]]
[2023.09.21-17.47.14:598][  0]LogConfig: Setting CVar [[r.AmbientOcclusionMaxQuality:100]]
[2023.09.21-17.47.14:598][  0]LogConfig: Setting CVar [[r.AmbientOcclusionLevels:-1]]
[2023.09.21-17.47.14:598][  0]LogConfig: Setting CVar [[r.AmbientOcclusionRadiusScale:1.0]]
[2023.09.21-17.47.14:598][  0]LogConfig: Setting CVar [[r.DepthOfFieldQuality:2]]
[2023.09.21-17.47.14:598][  0]LogConfig: Setting CVar [[r.RenderTargetPoolMin:400]]
[2023.09.21-17.47.14:598][  0]LogConfig: Setting CVar [[r.LensFlareQuality:2]]
[2023.09.21-17.47.14:598][  0]LogConfig: Setting CVar [[r.SceneColorFringeQuality:1]]
[2023.09.21-17.47.14:598][  0]LogConfig: Setting CVar [[r.EyeAdaptationQuality:2]]
[2023.09.21-17.47.14:598][  0]LogConfig: Setting CVar [[r.BloomQuality:5]]
[2023.09.21-17.47.14:598][  0]LogConfig: Setting CVar [[r.FastBlurThreshold:100]]
[2023.09.21-17.47.14:598][  0]LogConfig: Setting CVar [[r.Upscale.Quality:3]]
[2023.09.21-17.47.14:598][  0]LogConfig: Setting CVar [[r.Tonemapper.GrainQuantization:1]]
[2023.09.21-17.47.14:598][  0]LogConfig: Setting CVar [[r.LightShaftQuality:1]]
[2023.09.21-17.47.14:598][  0]LogConfig: Setting CVar [[r.Filter.SizeScale:1]]
[2023.09.21-17.47.14:598][  0]LogConfig: Setting CVar [[r.Tonemapper.Quality:5]]
[2023.09.21-17.47.14:598][  0]LogConfig: Setting CVar [[r.DOF.Gather.AccumulatorQuality:1        ; higher gathering accumulator quality]]
[2023.09.21-17.47.14:598][  0]LogConfig: Setting CVar [[r.DOF.Gather.PostfilterMethod:1          ; Median3x3 postfilering method]]
[2023.09.21-17.47.14:598][  0]LogConfig: Setting CVar [[r.DOF.Gather.EnableBokehSettings:0       ; no bokeh simulation when gathering]]
[2023.09.21-17.47.14:598][  0]LogConfig: Setting CVar [[r.DOF.Gather.RingCount:4                 ; medium number of samples when gathering]]
[2023.09.21-17.47.14:598][  0]LogConfig: Setting CVar [[r.DOF.Scatter.ForegroundCompositing:1    ; additive foreground scattering]]
[2023.09.21-17.47.14:598][  0]LogConfig: Setting CVar [[r.DOF.Scatter.BackgroundCompositing:2    ; additive background scattering]]
[2023.09.21-17.47.14:598][  0]LogConfig: Setting CVar [[r.DOF.Scatter.EnableBokehSettings:1      ; bokeh simulation when scattering]]
[2023.09.21-17.47.14:598][  0]LogConfig: Setting CVar [[r.DOF.Scatter.MaxSpriteRatio:0.1         ; only a maximum of 10% of scattered bokeh]]
[2023.09.21-17.47.14:598][  0]LogConfig: Setting CVar [[r.DOF.Recombine.Quality:1                ; cheap slight out of focus]]
[2023.09.21-17.47.14:598][  0]LogConfig: Setting CVar [[r.DOF.Recombine.EnableBokehSettings:0    ; no bokeh simulation on slight out of focus]]
[2023.09.21-17.47.14:598][  0]LogConfig: Setting CVar [[r.DOF.TemporalAAQuality:1                ; more stable temporal accumulation]]
[2023.09.21-17.47.14:598][  0]LogConfig: Setting CVar [[r.DOF.Kernel.MaxForegroundRadius:0.025]]
[2023.09.21-17.47.14:598][  0]LogConfig: Setting CVar [[r.DOF.Kernel.MaxBackgroundRadius:0.025]]
[2023.09.21-17.47.14:598][  0]LogConfig: Applying CVar settings from Section [TextureQuality@3] File [D:/Unreal Projects/Abstraction/Saved/Config/Windows/Scalability.ini]
[2023.09.21-17.47.14:598][  0]LogConfig: Setting CVar [[r.Streaming.MipBias:0]]
[2023.09.21-17.47.14:598][  0]LogConfig: Setting CVar [[r.Streaming.AmortizeCPUToGPUCopy:0]]
[2023.09.21-17.47.14:598][  0]LogConfig: Setting CVar [[r.Streaming.MaxNumTexturesToStreamPerFrame:0]]
[2023.09.21-17.47.14:598][  0]LogConfig: Setting CVar [[r.Streaming.Boost:1]]
[2023.09.21-17.47.14:598][  0]LogConfig: Setting CVar [[r.MaxAnisotropy:8]]
[2023.09.21-17.47.14:598][  0]LogConfig: Setting CVar [[r.VT.MaxAnisotropy:8]]
[2023.09.21-17.47.14:598][  0]LogConfig: Setting CVar [[r.Streaming.LimitPoolSizeToVRAM:0]]
[2023.09.21-17.47.14:598][  0]LogConfig: Setting CVar [[r.Streaming.PoolSize:1000]]
[2023.09.21-17.47.14:598][  0]LogConfig: Setting CVar [[r.Streaming.MaxEffectiveScreenSize:0]]
[2023.09.21-17.47.14:598][  0]LogConfig: Applying CVar settings from Section [EffectsQuality@3] File [D:/Unreal Projects/Abstraction/Saved/Config/Windows/Scalability.ini]
[2023.09.21-17.47.14:598][  0]LogConfig: Setting CVar [[r.TranslucencyLightingVolumeDim:64]]
[2023.09.21-17.47.14:598][  0]LogConfig: Setting CVar [[r.RefractionQuality:2]]
[2023.09.21-17.47.14:598][  0]LogConfig: Setting CVar [[r.SSR.Quality:3]]
[2023.09.21-17.47.14:598][  0]LogConfig: Setting CVar [[r.SSR.HalfResSceneColor:0]]
[2023.09.21-17.47.14:598][  0]LogConfig: Setting CVar [[r.SceneColorFormat:4]]
[2023.09.21-17.47.14:598][  0]LogConfig: Setting CVar [[r.DetailMode:2]]
[2023.09.21-17.47.14:598][  0]LogConfig: Setting CVar [[r.TranslucencyVolumeBlur:1]]
[2023.09.21-17.47.14:598][  0]LogConfig: Setting CVar [[r.MaterialQualityLevel:1 ; High quality]]
[2023.09.21-17.47.14:598][  0]LogConfig: Setting CVar [[r.SSS.Scale:1]]
[2023.09.21-17.47.14:598][  0]LogConfig: Setting CVar [[r.SSS.SampleSet:2]]
[2023.09.21-17.47.14:598][  0]LogConfig: Setting CVar [[r.SSS.Quality:1]]
[2023.09.21-17.47.14:598][  0]LogConfig: Setting CVar [[r.SSS.HalfRes:0]]
[2023.09.21-17.47.14:598][  0]LogConfig: Setting CVar [[r.SSGI.Quality:3]]
[2023.09.21-17.47.14:598][  0]LogConfig: Setting CVar [[r.EmitterSpawnRateScale:1.0]]
[2023.09.21-17.47.14:598][  0]LogConfig: Setting CVar [[r.ParticleLightQuality:2]]
[2023.09.21-17.47.14:598][  0]LogConfig: Setting CVar [[r.SkyAtmosphere.AerialPerspectiveLUT.FastApplyOnOpaque:1 ; Always have FastSkyLUT 1 in this case to avoid wrong sky]]
[2023.09.21-17.47.14:598][  0]LogConfig: Setting CVar [[r.SkyAtmosphere.AerialPerspectiveLUT.SampleCountPerSlice:1]]
[2023.09.21-17.47.14:598][  0]LogConfig: Setting CVar [[r.SkyAtmosphere.AerialPerspectiveLUT.DepthResolution:16.0]]
[2023.09.21-17.47.14:598][  0]LogConfig: Setting CVar [[r.SkyAtmosphere.FastSkyLUT:1]]
[2023.09.21-17.47.14:598][  0]LogConfig: Setting CVar [[r.SkyAtmosphere.FastSkyLUT.SampleCountMin:4.0]]
[2023.09.21-17.47.14:598][  0]LogConfig: Setting CVar [[r.SkyAtmosphere.FastSkyLUT.SampleCountMax:32.0]]
[2023.09.21-17.47.14:598][  0]LogConfig: Setting CVar [[r.SkyAtmosphere.SampleCountMin:4.0]]
[2023.09.21-17.47.14:598][  0]LogConfig: Setting CVar [[r.SkyAtmosphere.SampleCountMax:32.0]]
[2023.09.21-17.47.14:598][  0]LogConfig: Setting CVar [[r.SkyAtmosphere.TransmittanceLUT.UseSmallFormat:0]]
[2023.09.21-17.47.14:598][  0]LogConfig: Setting CVar [[r.SkyAtmosphere.TransmittanceLUT.SampleCount:10.0]]
[2023.09.21-17.47.14:598][  0]LogConfig: Setting CVar [[r.SkyAtmosphere.MultiScatteringLUT.SampleCount:15.0]]
[2023.09.21-17.47.14:598][  0]LogConfig: Applying CVar settings from Section [FoliageQuality@3] File [D:/Unreal Projects/Abstraction/Saved/Config/Windows/Scalability.ini]
[2023.09.21-17.47.14:598][  0]LogConfig: Setting CVar [[foliage.DensityScale:1.0]]
[2023.09.21-17.47.14:598][  0]LogConfig: Setting CVar [[grass.DensityScale:1.0]]
[2023.09.21-17.47.14:598][  0]LogConfig: Applying CVar settings from Section [ShadingQuality@3] File [D:/Unreal Projects/Abstraction/Saved/Config/Windows/Scalability.ini]
[2023.09.21-17.47.14:598][  0]LogConfig: Setting CVar [[r.HairStrands.SkyLighting.SampleCount:16]]
[2023.09.21-17.47.14:598][  0]LogConfig: Setting CVar [[r.HairStrands.SkyLighting.JitterIntegration:0]]
[2023.09.21-17.47.14:598][  0]LogConfig: Setting CVar [[r.HairStrands.SkyAO.SampleCount:16]]
[2023.09.21-17.47.14:598][  0]LogConfig: Setting CVar [[r.HairStrands.DeepShadow.SuperSampling:0]]
[2023.09.21-17.47.14:598][  0]LogConfig: Setting CVar [[r.HairStrands.VisibilityPPLL:0]]
[2023.09.21-17.47.14:598][  0]LogConfig: Setting CVar [[r.HairStrands.RasterizationScale:0.5]]
[2023.09.21-17.47.14:598][  0]LogConfig: Setting CVar [[r.HairStrands.VelocityRasterizationScale:1]]
[2023.09.21-17.47.14:598][  0]LogInit: Selected Device Profile: [Windows]
[2023.09.21-17.47.14:599][  0]LogInit: Applying CVar settings loaded from the selected device profile: [Windows]
[2023.09.21-17.47.14:599][  0]LogHAL: Display: Platform has ~ 32 GB [34252378112 / 34359738368 / 32], which maps to Largest [LargestMinGB=32, LargerMinGB=12, DefaultMinGB=8, SmallerMinGB=6, SmallestMinGB=0)
[2023.09.21-17.47.14:599][  0]LogInit: Going up to parent DeviceProfile []
[2023.09.21-17.47.14:599][  0]LogConfig: Applying CVar settings from Section [ViewDistanceQuality@3] File [D:/Unreal Projects/Abstraction/Saved/Config/Windows/Scalability.ini]
[2023.09.21-17.47.14:599][  0]LogConfig: Setting CVar [[r.SkeletalMeshLODBias:0]]
[2023.09.21-17.47.14:599][  0]LogConfig: Setting CVar [[r.ViewDistanceScale:1.0]]
[2023.09.21-17.47.14:599][  0]LogConfig: Applying CVar settings from Section [AntiAliasingQuality@3] File [D:/Unreal Projects/Abstraction/Saved/Config/Windows/Scalability.ini]
[2023.09.21-17.47.14:599][  0]LogConfig: Setting CVar [[r.PostProcessAAQuality:4]]
[2023.09.21-17.47.14:599][  0]LogConfig: Applying CVar settings from Section [ShadowQuality@3] File [D:/Unreal Projects/Abstraction/Saved/Config/Windows/Scalability.ini]
[2023.09.21-17.47.14:599][  0]LogConfig: Setting CVar [[r.LightFunctionQuality:1]]
[2023.09.21-17.47.14:599][  0]LogConfig: Setting CVar [[r.ShadowQuality:5]]
[2023.09.21-17.47.14:599][  0]LogConfig: Setting CVar [[r.Shadow.CSM.MaxCascades:10]]
[2023.09.21-17.47.14:599][  0]LogConfig: Setting CVar [[r.Shadow.MaxResolution:2048]]
[2023.09.21-17.47.14:599][  0]LogConfig: Setting CVar [[r.Shadow.MaxCSMResolution:2048]]
[2023.09.21-17.47.14:599][  0]LogConfig: Setting CVar [[r.Shadow.RadiusThreshold:0.01]]
[2023.09.21-17.47.14:599][  0]LogConfig: Setting CVar [[r.Shadow.DistanceScale:1.0]]
[2023.09.21-17.47.14:599][  0]LogConfig: Setting CVar [[r.Shadow.CSM.TransitionScale:1.0]]
[2023.09.21-17.47.14:599][  0]LogConfig: Setting CVar [[r.Shadow.PreShadowResolutionFactor:1.0]]
[2023.09.21-17.47.14:599][  0]LogConfig: Setting CVar [[r.DistanceFieldShadowing:1]]
[2023.09.21-17.47.14:599][  0]LogConfig: Setting CVar [[r.DistanceFieldAO:1]]
[2023.09.21-17.47.14:599][  0]LogConfig: Setting CVar [[r.AOQuality:2]]
[2023.09.21-17.47.14:599][  0]LogConfig: Setting CVar [[r.VolumetricFog:1]]
[2023.09.21-17.47.14:599][  0]LogConfig: Setting CVar [[r.VolumetricFog.GridPixelSize:8]]
[2023.09.21-17.47.14:599][  0]LogConfig: Setting CVar [[r.VolumetricFog.GridSizeZ:128]]
[2023.09.21-17.47.14:599][  0]LogConfig: Setting CVar [[r.VolumetricFog.HistoryMissSupersampleCount:4]]
[2023.09.21-17.47.14:599][  0]LogConfig: Setting CVar [[r.LightMaxDrawDistanceScale:1]]
[2023.09.21-17.47.14:599][  0]LogConfig: Setting CVar [[r.CapsuleShadows:1]]
[2023.09.21-17.47.14:599][  0]LogConfig: Applying CVar settings from Section [PostProcessQuality@3] File [D:/Unreal Projects/Abstraction/Saved/Config/Windows/Scalability.ini]
[2023.09.21-17.47.14:599][  0]LogConfig: Setting CVar [[r.MotionBlurQuality:4]]
[2023.09.21-17.47.14:599][  0]LogConfig: Setting CVar [[r.AmbientOcclusionMipLevelFactor:0.4]]
[2023.09.21-17.47.14:599][  0]LogConfig: Setting CVar [[r.AmbientOcclusionMaxQuality:100]]
[2023.09.21-17.47.14:599][  0]LogConfig: Setting CVar [[r.AmbientOcclusionLevels:-1]]
[2023.09.21-17.47.14:599][  0]LogConfig: Setting CVar [[r.AmbientOcclusionRadiusScale:1.0]]
[2023.09.21-17.47.14:599][  0]LogConfig: Setting CVar [[r.DepthOfFieldQuality:2]]
[2023.09.21-17.47.14:599][  0]LogConfig: Setting CVar [[r.RenderTargetPoolMin:400]]
[2023.09.21-17.47.14:599][  0]LogConfig: Setting CVar [[r.LensFlareQuality:2]]
[2023.09.21-17.47.14:599][  0]LogConfig: Setting CVar [[r.SceneColorFringeQuality:1]]
[2023.09.21-17.47.14:599][  0]LogConfig: Setting CVar [[r.EyeAdaptationQuality:2]]
[2023.09.21-17.47.14:599][  0]LogConfig: Setting CVar [[r.BloomQuality:5]]
[2023.09.21-17.47.14:599][  0]LogConfig: Setting CVar [[r.FastBlurThreshold:100]]
[2023.09.21-17.47.14:599][  0]LogConfig: Setting CVar [[r.Upscale.Quality:3]]
[2023.09.21-17.47.14:599][  0]LogConfig: Setting CVar [[r.Tonemapper.GrainQuantization:1]]
[2023.09.21-17.47.14:599][  0]LogConfig: Setting CVar [[r.LightShaftQuality:1]]
[2023.09.21-17.47.14:599][  0]LogConfig: Setting CVar [[r.Filter.SizeScale:1]]
[2023.09.21-17.47.14:599][  0]LogConfig: Setting CVar [[r.Tonemapper.Quality:5]]
[2023.09.21-17.47.14:599][  0]LogConfig: Setting CVar [[r.DOF.Gather.AccumulatorQuality:1        ; higher gathering accumulator quality]]
[2023.09.21-17.47.14:599][  0]LogConfig: Setting CVar [[r.DOF.Gather.PostfilterMethod:1          ; Median3x3 postfilering method]]
[2023.09.21-17.47.14:599][  0]LogConfig: Setting CVar [[r.DOF.Gather.EnableBokehSettings:0       ; no bokeh simulation when gathering]]
[2023.09.21-17.47.14:599][  0]LogConfig: Setting CVar [[r.DOF.Gather.RingCount:4                 ; medium number of samples when gathering]]
[2023.09.21-17.47.14:599][  0]LogConfig: Setting CVar [[r.DOF.Scatter.ForegroundCompositing:1    ; additive foreground scattering]]
[2023.09.21-17.47.14:599][  0]LogConfig: Setting CVar [[r.DOF.Scatter.BackgroundCompositing:2    ; additive background scattering]]
[2023.09.21-17.47.14:599][  0]LogConfig: Setting CVar [[r.DOF.Scatter.EnableBokehSettings:1      ; bokeh simulation when scattering]]
[2023.09.21-17.47.14:599][  0]LogConfig: Setting CVar [[r.DOF.Scatter.MaxSpriteRatio:0.1         ; only a maximum of 10% of scattered bokeh]]
[2023.09.21-17.47.14:599][  0]LogConfig: Setting CVar [[r.DOF.Recombine.Quality:1                ; cheap slight out of focus]]
[2023.09.21-17.47.14:599][  0]LogConfig: Setting CVar [[r.DOF.Recombine.EnableBokehSettings:0    ; no bokeh simulation on slight out of focus]]
[2023.09.21-17.47.14:599][  0]LogConfig: Setting CVar [[r.DOF.TemporalAAQuality:1                ; more stable temporal accumulation]]
[2023.09.21-17.47.14:599][  0]LogConfig: Setting CVar [[r.DOF.Kernel.MaxForegroundRadius:0.025]]
[2023.09.21-17.47.14:599][  0]LogConfig: Setting CVar [[r.DOF.Kernel.MaxBackgroundRadius:0.025]]
[2023.09.21-17.47.14:599][  0]LogConfig: Applying CVar settings from Section [TextureQuality@3] File [D:/Unreal Projects/Abstraction/Saved/Config/Windows/Scalability.ini]
[2023.09.21-17.47.14:599][  0]LogConfig: Setting CVar [[r.Streaming.MipBias:0]]
[2023.09.21-17.47.14:599][  0]LogConfig: Setting CVar [[r.Streaming.AmortizeCPUToGPUCopy:0]]
[2023.09.21-17.47.14:599][  0]LogConfig: Setting CVar [[r.Streaming.MaxNumTexturesToStreamPerFrame:0]]
[2023.09.21-17.47.14:599][  0]LogConfig: Setting CVar [[r.Streaming.Boost:1]]
[2023.09.21-17.47.14:599][  0]LogConfig: Setting CVar [[r.MaxAnisotropy:8]]
[2023.09.21-17.47.14:599][  0]LogConfig: Setting CVar [[r.VT.MaxAnisotropy:8]]
[2023.09.21-17.47.14:599][  0]LogConfig: Setting CVar [[r.Streaming.LimitPoolSizeToVRAM:0]]
[2023.09.21-17.47.14:599][  0]LogConfig: Setting CVar [[r.Streaming.PoolSize:1000]]
[2023.09.21-17.47.14:599][  0]LogConfig: Setting CVar [[r.Streaming.MaxEffectiveScreenSize:0]]
[2023.09.21-17.47.14:599][  0]LogConfig: Applying CVar settings from Section [EffectsQuality@3] File [D:/Unreal Projects/Abstraction/Saved/Config/Windows/Scalability.ini]
[2023.09.21-17.47.14:599][  0]LogConfig: Setting CVar [[r.TranslucencyLightingVolumeDim:64]]
[2023.09.21-17.47.14:599][  0]LogConfig: Setting CVar [[r.RefractionQuality:2]]
[2023.09.21-17.47.14:599][  0]LogConfig: Setting CVar [[r.SSR.Quality:3]]
[2023.09.21-17.47.14:599][  0]LogConfig: Setting CVar [[r.SSR.HalfResSceneColor:0]]
[2023.09.21-17.47.14:599][  0]LogConfig: Setting CVar [[r.SceneColorFormat:4]]
[2023.09.21-17.47.14:599][  0]LogConfig: Setting CVar [[r.DetailMode:2]]
[2023.09.21-17.47.14:599][  0]LogConfig: Setting CVar [[r.TranslucencyVolumeBlur:1]]
[2023.09.21-17.47.14:599][  0]LogConfig: Setting CVar [[r.MaterialQualityLevel:1 ; High quality]]
[2023.09.21-17.47.14:599][  0]LogConfig: Setting CVar [[r.SSS.Scale:1]]
[2023.09.21-17.47.14:599][  0]LogConfig: Setting CVar [[r.SSS.SampleSet:2]]
[2023.09.21-17.47.14:599][  0]LogConfig: Setting CVar [[r.SSS.Quality:1]]
[2023.09.21-17.47.14:599][  0]LogConfig: Setting CVar [[r.SSS.HalfRes:0]]
[2023.09.21-17.47.14:599][  0]LogConfig: Setting CVar [[r.SSGI.Quality:3]]
[2023.09.21-17.47.14:599][  0]LogConfig: Setting CVar [[r.EmitterSpawnRateScale:1.0]]
[2023.09.21-17.47.14:599][  0]LogConfig: Setting CVar [[r.ParticleLightQuality:2]]
[2023.09.21-17.47.14:599][  0]LogConfig: Setting CVar [[r.SkyAtmosphere.AerialPerspectiveLUT.FastApplyOnOpaque:1 ; Always have FastSkyLUT 1 in this case to avoid wrong sky]]
[2023.09.21-17.47.14:599][  0]LogConfig: Setting CVar [[r.SkyAtmosphere.AerialPerspectiveLUT.SampleCountPerSlice:1]]
[2023.09.21-17.47.14:599][  0]LogConfig: Setting CVar [[r.SkyAtmosphere.AerialPerspectiveLUT.DepthResolution:16.0]]
[2023.09.21-17.47.14:599][  0]LogConfig: Setting CVar [[r.SkyAtmosphere.FastSkyLUT:1]]
[2023.09.21-17.47.14:599][  0]LogConfig: Setting CVar [[r.SkyAtmosphere.FastSkyLUT.SampleCountMin:4.0]]
[2023.09.21-17.47.14:599][  0]LogConfig: Setting CVar [[r.SkyAtmosphere.FastSkyLUT.SampleCountMax:32.0]]
[2023.09.21-17.47.14:599][  0]LogConfig: Setting CVar [[r.SkyAtmosphere.SampleCountMin:4.0]]
[2023.09.21-17.47.14:599][  0]LogConfig: Setting CVar [[r.SkyAtmosphere.SampleCountMax:32.0]]
[2023.09.21-17.47.14:599][  0]LogConfig: Setting CVar [[r.SkyAtmosphere.TransmittanceLUT.UseSmallFormat:0]]
[2023.09.21-17.47.14:599][  0]LogConfig: Setting CVar [[r.SkyAtmosphere.TransmittanceLUT.SampleCount:10.0]]
[2023.09.21-17.47.14:599][  0]LogConfig: Setting CVar [[r.SkyAtmosphere.MultiScatteringLUT.SampleCount:15.0]]
[2023.09.21-17.47.14:599][  0]LogConfig: Applying CVar settings from Section [FoliageQuality@3] File [D:/Unreal Projects/Abstraction/Saved/Config/Windows/Scalability.ini]
[2023.09.21-17.47.14:599][  0]LogConfig: Setting CVar [[foliage.DensityScale:1.0]]
[2023.09.21-17.47.14:599][  0]LogConfig: Setting CVar [[grass.DensityScale:1.0]]
[2023.09.21-17.47.14:599][  0]LogConfig: Applying CVar settings from Section [ShadingQuality@3] File [D:/Unreal Projects/Abstraction/Saved/Config/Windows/Scalability.ini]
[2023.09.21-17.47.14:599][  0]LogConfig: Setting CVar [[r.HairStrands.SkyLighting.SampleCount:16]]
[2023.09.21-17.47.14:599][  0]LogConfig: Setting CVar [[r.HairStrands.SkyLighting.JitterIntegration:0]]
[2023.09.21-17.47.14:599][  0]LogConfig: Setting CVar [[r.HairStrands.SkyAO.SampleCount:16]]
[2023.09.21-17.47.14:599][  0]LogConfig: Setting CVar [[r.HairStrands.DeepShadow.SuperSampling:0]]
[2023.09.21-17.47.14:599][  0]LogConfig: Setting CVar [[r.HairStrands.VisibilityPPLL:0]]
[2023.09.21-17.47.14:599][  0]LogConfig: Setting CVar [[r.HairStrands.RasterizationScale:0.5]]
[2023.09.21-17.47.14:599][  0]LogConfig: Setting CVar [[r.HairStrands.VelocityRasterizationScale:1]]
[2023.09.21-17.47.14:599][  0]LogConfig: Applying CVar settings from Section [Startup] File [../../../Engine/Config/ConsoleVariables.ini]
[2023.09.21-17.47.14:600][  0]LogConfig: Setting CVar [[net.UseAdaptiveNetUpdateFrequency:0]]
[2023.09.21-17.47.14:600][  0]LogConfig: Setting CVar [[p.chaos.AllowCreatePhysxBodies:1]]
[2023.09.21-17.47.14:600][  0]LogConfig: Setting CVar [[fx.SkipVectorVMBackendOptimizations:1]]
[2023.09.21-17.47.14:600][  0]LogConfig: Applying CVar settings from Section [ConsoleVariables] File [D:/Unreal Projects/Abstraction/Saved/Config/Windows/Engine.ini]
[2023.09.21-17.47.14:600][  0]LogInit: Computer: DESKTOP-3H3FMC2
[2023.09.21-17.47.14:600][  0]LogInit: User: MatthewLowe
[2023.09.21-17.47.14:600][  0]LogInit: CPU Page size=4096, Cores=8
[2023.09.21-17.47.14:600][  0]LogInit: High frequency timer resolution =10.000000 MHz
[2023.09.21-17.47.14:600][  0]LogMemory: Memory total: Physical=31.9GB (32GB approx)
[2023.09.21-17.47.14:600][  0]LogMemory: Platform Memory Stats for Windows
[2023.09.21-17.47.14:600][  0]LogMemory: Process Physical Memory: 117.36 MB used, 117.36 MB peak
[2023.09.21-17.47.14:600][  0]LogMemory: Process Virtual Memory: 98.34 MB used, 98.34 MB peak
[2023.09.21-17.47.14:600][  0]LogMemory: Physical Memory: 13088.73 MB used,  19576.89 MB free, 32665.61 MB total
[2023.09.21-17.47.14:600][  0]LogMemory: Virtual Memory: 5187.09 MB used,  134212544.00 MB free, 134217728.00 MB total
[2023.09.21-17.47.14:832][  0]LogWindows: WindowsPlatformFeatures enabled
[2023.09.21-17.47.14:873][  0]LogInit: Physics initialised using underlying interface: PhysX
[2023.09.21-17.47.14:874][  0]LogInit: Using OS detected language (en-GB).
[2023.09.21-17.47.14:874][  0]LogInit: Using OS detected locale (en-GB).
[2023.09.21-17.47.14:875][  0]LogTextLocalizationManager: No specific localization for 'en-GB' exists, so the 'en' localization will be used.
[2023.09.21-17.47.15:018][  0]LogInit: Setting process to per monitor DPI aware
[2023.09.21-17.47.15:038][  0]LogSlate: New Slate User Created.  User Index 0, Is Virtual User: 0
[2023.09.21-17.47.15:038][  0]LogSlate: Slate User Registered.  User Index 0, Is Virtual User: 0
[2023.09.21-17.47.15:172][  0]LogHMD: Failed to initialize OpenVR with code 110
[2023.09.21-17.47.15:172][  0]LogD3D11RHI: D3D11 min allowed feature level: 11_0
[2023.09.21-17.47.15:172][  0]LogD3D11RHI: D3D11 max allowed feature level: 11_0
[2023.09.21-17.47.15:172][  0]LogD3D11RHI: D3D11 adapters:
[2023.09.21-17.47.15:273][  0]LogD3D11RHI:    0. 'NVIDIA GeForce RTX 3080 Ti' (Feature Level 11_0)
[2023.09.21-17.47.15:273][  0]LogD3D11RHI:       12100/0/16332 MB DedicatedVideo/DedicatedSystem/SharedSystem, Outputs:2, VendorId:0x10de
[2023.09.21-17.47.15:276][  0]LogD3D11RHI:    1. 'Microsoft Basic Render Driver' (Feature Level 11_0)
[2023.09.21-17.47.15:276][  0]LogD3D11RHI:       0/0/16332 MB DedicatedVideo/DedicatedSystem/SharedSystem, Outputs:0, VendorId:0x1414
[2023.09.21-17.47.15:276][  0]LogD3D11RHI: Chosen D3D11 Adapter: 0
[2023.09.21-17.47.15:282][  0]LogD3D11RHI: Creating new Direct3DDevice
[2023.09.21-17.47.15:282][  0]LogD3D11RHI:     GPU DeviceId: 0x2208 (for the marketing name, search the web for "GPU Device Id")
[2023.09.21-17.47.15:282][  0]LogWindows: EnumDisplayDevices:
[2023.09.21-17.47.15:282][  0]LogWindows:    0. 'NVIDIA GeForce RTX 3080 Ti' (P:1 D:1)
[2023.09.21-17.47.15:282][  0]LogWindows:    1. 'NVIDIA GeForce RTX 3080 Ti' (P:0 D:1)
[2023.09.21-17.47.15:282][  0]LogWindows:    2. 'NVIDIA GeForce RTX 3080 Ti' (P:0 D:0)
[2023.09.21-17.47.15:282][  0]LogWindows:    3. 'NVIDIA GeForce RTX 3080 Ti' (P:0 D:0)
[2023.09.21-17.47.15:283][  0]LogWindows: DebugString: FoundDriverCount:4 
[2023.09.21-17.47.15:283][  0]LogD3D11RHI:     Adapter Name: NVIDIA GeForce RTX 3080 Ti
[2023.09.21-17.47.15:283][  0]LogD3D11RHI:   Driver Version: 537.13 (internal:31.0.15.3713, unified:537.13)
[2023.09.21-17.47.15:283][  0]LogD3D11RHI:      Driver Date: 8-14-2023
[2023.09.21-17.47.15:283][  0]LogRHI: Texture pool is 8470 MB (70% of 12100 MB)
[2023.09.21-17.47.15:354][  0]LogD3D11RHI: RHI has support for 64 bit atomics
[2023.09.21-17.47.15:355][  0]LogD3D11RHI: Async texture creation enabled
[2023.09.21-17.47.15:355][  0]LogD3D11RHI: Array index from any shader is supported
[2023.09.21-17.47.15:373][  0]LogD3D11RHI: GPU Timing Frequency: 1000.000000 (Debug: 2 2)
[2023.09.21-17.47.15:593][  0]LogTargetPlatformManager: Display: Loaded TargetPlatform 'AllDesktop'
[2023.09.21-17.47.15:606][  0]LogTargetPlatformManager: Display: Loaded TargetPlatform 'Android'
[2023.09.21-17.47.15:606][  0]LogTargetPlatformManager: Display: Loaded TargetPlatform 'Android_ASTC'
[2023.09.21-17.47.15:606][  0]LogTargetPlatformManager: Display: Loaded TargetPlatform 'Android_DXT'
[2023.09.21-17.47.15:606][  0]LogTargetPlatformManager: Display: Loaded TargetPlatform 'Android_ETC2'
[2023.09.21-17.47.15:606][  0]LogTargetPlatformManager: Display: Loaded TargetPlatform 'AndroidClient'
[2023.09.21-17.47.15:606][  0]LogTargetPlatformManager: Display: Loaded TargetPlatform 'Android_ASTCClient'
[2023.09.21-17.47.15:606][  0]LogTargetPlatformManager: Display: Loaded TargetPlatform 'Android_DXTClient'
[2023.09.21-17.47.15:606][  0]LogTargetPlatformManager: Display: Loaded TargetPlatform 'Android_ETC2Client'
[2023.09.21-17.47.15:606][  0]LogTargetPlatformManager: Display: Loaded TargetPlatform 'Android_Multi'
[2023.09.21-17.47.15:606][  0]LogTargetPlatformManager: Display: Loaded TargetPlatform 'Android_MultiClient'
[2023.09.21-17.47.15:623][  0]LogTargetPlatformManager: Display: Loaded TargetPlatform 'IOSClient'
[2023.09.21-17.47.15:623][  0]LogTargetPlatformManager: Display: Loaded TargetPlatform 'IOS'
[2023.09.21-17.47.15:629][  0]LogTargetPlatformManager: Display: Loaded TargetPlatform 'Linux'
[2023.09.21-17.47.15:635][  0]LogTargetPlatformManager: Display: Loaded TargetPlatform 'LinuxNoEditor'
[2023.09.21-17.47.15:641][  0]LogTargetPlatformManager: Display: Loaded TargetPlatform 'LinuxClient'
[2023.09.21-17.47.15:646][  0]LogTargetPlatformManager: Display: Loaded TargetPlatform 'LinuxServer'
[2023.09.21-17.47.15:652][  0]LogTargetPlatformManager: Display: Loaded TargetPlatform 'LinuxAArch64NoEditor'
[2023.09.21-17.47.15:659][  0]LogTargetPlatformManager: Display: Loaded TargetPlatform 'LinuxAArch64Client'
[2023.09.21-17.47.15:665][  0]LogTargetPlatformManager: Display: Loaded TargetPlatform 'LinuxAArch64Server'
[2023.09.21-17.47.15:681][  0]LogTargetPlatformManager: Display: Loaded TargetPlatform 'Lumin'
[2023.09.21-17.47.15:681][  0]LogTargetPlatformManager: Display: Loaded TargetPlatform 'LuminClient'
[2023.09.21-17.47.15:691][  0]LogTargetPlatformManager: Display: Loaded TargetPlatform 'TVOSClient'
[2023.09.21-17.47.15:691][  0]LogTargetPlatformManager: Display: Loaded TargetPlatform 'TVOS'
[2023.09.21-17.47.15:697][  0]LogTargetPlatformManager: Display: Loaded TargetPlatform 'WindowsNoEditor'
[2023.09.21-17.47.15:704][  0]LogTargetPlatformManager: Display: Loaded TargetPlatform 'Windows'
[2023.09.21-17.47.15:710][  0]LogTargetPlatformManager: Display: Loaded TargetPlatform 'WindowsClient'
[2023.09.21-17.47.15:715][  0]LogTargetPlatformManager: Display: Loaded TargetPlatform 'WindowsServer'
[2023.09.21-17.47.15:715][  0]LogTargetPlatformManager: Display: Building Assets For Windows
[2023.09.21-17.47.15:721][  0]LogAudioDebug: Display: Lib vorbis DLL was dynamically loaded.
[2023.09.21-17.47.15:762][  0]LogShaderCompilers: Guid format shader working directory is 7 characters bigger than the processId version (../../../../../../Unreal Projects/Abstraction/Intermediate/Shaders/WorkingDirectory/25112/).
[2023.09.21-17.47.15:762][  0]LogShaderCompilers: Cleaned the shader compiler working directory 'C:/Users/Matthew Lowe/AppData/Local/Temp/UnrealShaderWorkingDir/E12CB6AC4F93E6263D876C96E880D040/'.
[2023.09.21-17.47.15:762][  0]LogXGEController: Cleaning working directory: C:/Users/Matthew Lowe/AppData/Local/Temp/UnrealXGEWorkingDir/
[2023.09.21-17.47.15:762][  0]LogXGEController: Cannot use XGE Controller as Incredibuild is not installed on this machine.
[2023.09.21-17.47.15:762][  0]LogShaderCompilers: Cannot use XGE Shader Compiler as Incredibuild is not installed on this machine.
[2023.09.21-17.47.15:762][  0]LogShaderCompilers: Display: Using Local Shader Compiler.
[2023.09.21-17.47.16:270][  0]LogDerivedDataCache: Display: Max Cache Size: 512 MB
[2023.09.21-17.47.16:307][  0]LogDerivedDataCache: Loaded boot cache 0.04s 75MB C:/Users/Matthew Lowe/AppData/Local/UnrealEngine/4.25/DerivedDataCache/Boot.ddc.
[2023.09.21-17.47.16:307][  0]LogDerivedDataCache: Display: Loaded Boot cache: C:/Users/Matthew Lowe/AppData/Local/UnrealEngine/4.25/DerivedDataCache/Boot.ddc
[2023.09.21-17.47.16:307][  0]LogDerivedDataCache: FDerivedDataBackendGraph:  Pak pak cache file ../../../../../../Unreal Projects/Abstraction/DerivedDataCache/DDC.ddp not found, will not use a pak cache.
[2023.09.21-17.47.16:308][  0]LogDerivedDataCache: Unable to find inner node Pak for hierarchical cache Hierarchy.
[2023.09.21-17.47.16:308][  0]LogDerivedDataCache: FDerivedDataBackendGraph:  CompressedPak pak cache file ../../../../../../Unreal Projects/Abstraction/DerivedDataCache/Compressed.ddp not found, will not use a pak cache.
[2023.09.21-17.47.16:308][  0]LogDerivedDataCache: Unable to find inner node CompressedPak for hierarchical cache Hierarchy.
[2023.09.21-17.47.16:314][  0]LogDerivedDataCache: Display: Pak cache opened for reading ../../../Engine/DerivedDataCache/Compressed.ddp.
[2023.09.21-17.47.16:314][  0]LogDerivedDataCache: FDerivedDataBackendGraph:  EnterprisePak pak cache file ../../../Enterprise/DerivedDataCache/Compressed.ddp not found, will not use a pak cache.
[2023.09.21-17.47.16:314][  0]LogDerivedDataCache: Unable to find inner node EnterprisePak for hierarchical cache Hierarchy.
[2023.09.21-17.47.16:316][  0]LogDerivedDataCache: Using Local data cache path C:/Users/Matthew Lowe/AppData/Local/UnrealEngine/Common/DerivedDataCache: Writable
[2023.09.21-17.47.16:316][  0]LogDerivedDataCache: Shared data cache path not found in *engine.ini, will not use an Shared cache.
[2023.09.21-17.47.16:316][  0]LogDerivedDataCache: Unable to find inner node Shared for hierarchical cache Hierarchy.
[2023.09.21-17.47.16:348][  0]LogSlate: Using FreeType 2.10.0
[2023.09.21-17.47.16:348][  0]LogSlate: SlateFontServices - WITH_FREETYPE: 1, WITH_HARFBUZZ: 1
[2023.09.21-17.47.16:367][  0]LogAssetRegistry: FAssetRegistry took 0.0018 seconds to start up
[2023.09.21-17.47.16:509][  0]LogInit: Selected Device Profile: [Windows]
[2023.09.21-17.47.16:583][  0]LogMeshReduction: Using QuadricMeshReduction for automatic static mesh reduction
[2023.09.21-17.47.16:583][  0]LogMeshReduction: Using SimplygonMeshReduction for automatic skeletal mesh reduction
[2023.09.21-17.47.16:583][  0]LogMeshReduction: Using ProxyLODMeshReduction for automatic mesh merging
[2023.09.21-17.47.16:583][  0]LogMeshReduction: No distributed automatic mesh merging module available
[2023.09.21-17.47.16:583][  0]LogMeshMerging: No distributed automatic mesh merging module available
[2023.09.21-17.47.16:595][  0]LogNetVersion: Abstraction 1.0.0, NetCL: 13144385, EngineNetVer: 14, GameNetVer: 0 (Checksum: 4171889426)
[2023.09.21-17.47.16:864][  0]LogAISub: UAISubsystem::UAISubsystem AISubsystem (000001E6F1E8C340), frame # 0
[2023.09.21-17.47.16:864][  0]LogAISub: UAISubsystem::UAISubsystem AIPerceptionSystem (000001E6F1DCEAC0), frame # 0
[2023.09.21-17.47.16:865][  0]LogAISub: UAISubsystem::UAISubsystem EnvQueryManager (000001E6F1E38A00), frame # 0
[2023.09.21-17.47.16:903][  0]LogPackageLocalizationCache: Processed 19 localized package path(s) for 1 prioritized culture(s) in 0.032945 seconds
[2023.09.21-17.47.16:906][  0]LogUObjectArray: 15917 objects as part of root set at end of initial load.
[2023.09.21-17.47.16:906][  0]LogUObjectAllocator: 3965568 out of 0 bytes used by permanent object pool.
[2023.09.21-17.47.16:906][  0]LogUObjectArray: CloseDisregardForGC: 0/0 objects in disregard for GC pool
[2023.09.21-17.47.17:172][  0]LogTcpMessaging: Initializing TcpMessaging bridge
[2023.09.21-17.47.17:176][  0]LogUdpMessaging: Initializing bridge on interface 0.0.0.0:0 to multicast group 230.0.0.1:6666.
[2023.09.21-17.47.17:204][  0]LogTemp: Error: Abstract Component created
[2023.09.21-17.47.17:242][  0]SourceControl: Source control is disabled
[2023.09.21-17.47.17:242][  0]SourceControl: Source control is disabled
[2023.09.21-17.47.17:244][  0]SourceControl: Source control is disabled
[2023.09.21-17.47.17:247][  0]SourceControl: Source control is disabled
[2023.09.21-17.47.17:253][  0]SourceControl: Source control is disabled
[2023.09.21-17.47.17:442][  0]LogAndroidPermission: UAndroidPermissionCallbackProxy::GetInstance
[2023.09.21-17.47.17:461][  0]LogAudioCaptureCore: Display: No Audio Capture implementations found. Audio input will be silent.
[2023.09.21-17.47.17:461][  0]LogAudioCaptureCore: Display: No Audio Capture implementations found. Audio input will be silent.
[2023.09.21-17.47.17:502][  0]LogOcInput: OculusInput pre-init called
[2023.09.21-17.47.17:510][  0]LogWindows: Failed to load 'OVRPlugin.dll' (GetLastError=126)
[2023.09.21-17.47.17:510][  0]LogWindows: File 'OVRPlugin.dll' does not exist
[2023.09.21-17.47.17:562][  0]LogEngine: Initializing Engine...
[2023.09.21-17.47.17:563][  0]LogHMD: Failed to initialize OpenVR with code 110
[2023.09.21-17.47.17:563][  0]LogMagicLeap: Warning: VR disabled because ZI is not enabled.  To enable, in the editor, Edit -> Project Settings -> Plugins -> Magic Leap Plugin -> Enable Zero Iteration
[2023.09.21-17.47.17:564][  0]LogStats: UGameplayTagsManager::InitializeManager -  0.000 s
[2023.09.21-17.47.17:643][  0]LogInit: Initializing FReadOnlyCVARCache
[2023.09.21-17.47.17:652][  0]LogAIModule: Creating AISystem for world Untitled
[2023.09.21-17.47.17:652][  0]LogAISub: UAISubsystem::UAISubsystem EnvQueryManager (000001E6F4393C00), frame # 0
[2023.09.21-17.47.17:652][  0]LogAISub: UAISubsystem::UAISubsystem AIPerceptionSystem (000001E6F43C6FC0), frame # 0
[2023.09.21-17.47.17:658][  0]LogAudioMixer: Display: Audio Mixer Platform Settings:
[2023.09.21-17.47.17:659][  0]LogAudioMixer: Display: 	Sample Rate:						  48000
[2023.09.21-17.47.17:659][  0]LogAudioMixer: Display: 	Callback Buffer Frame Size Requested: 1024
[2023.09.21-17.47.17:659][  0]LogAudioMixer: Display: 	Callback Buffer Frame Size To Use:	  1024
[2023.09.21-17.47.17:659][  0]LogAudioMixer: Display: 	Number of buffers to queue:			  2
[2023.09.21-17.47.17:659][  0]LogAudioMixer: Display: 	Max Channels (voices):				  32
[2023.09.21-17.47.17:659][  0]LogAudioMixer: Display: 	Number of Async Source Workers:		  0
[2023.09.21-17.47.17:659][  0]LogAudio: Display: AudioDevice MaxSources: 32
[2023.09.21-17.47.17:659][  0]LogAudio: Display: Using built-in audio occlusion.
[2023.09.21-17.47.17:659][  0]LogAudioMixer: Display: Initializing audio mixer.
[2023.09.21-17.47.18:049][  0]LogAudioMixer: Display: 0: FrontLeft
[2023.09.21-17.47.18:049][  0]LogAudioMixer: Display: 1: FrontRight
[2023.09.21-17.47.18:049][  0]LogAudioMixer: Display: 2: FrontCenter
[2023.09.21-17.47.18:049][  0]LogAudioMixer: Display: 3: LowFrequency
[2023.09.21-17.47.18:049][  0]LogAudioMixer: Display: 4: BackLeft
[2023.09.21-17.47.18:049][  0]LogAudioMixer: Display: 5: BackRight
[2023.09.21-17.47.18:049][  0]LogAudioMixer: Display: 6: SideLeft
[2023.09.21-17.47.18:049][  0]LogAudioMixer: Display: 7: SideRight
[2023.09.21-17.47.18:099][  0]LogAudioMixer: Display: Using Audio Device Speakers (PRO X 2 LIGHTSPEED)
[2023.09.21-17.47.18:102][  0]LogAudioMixer: Display: Initializing Sound Submixes...
[2023.09.21-17.47.18:104][  0]LogAudioMixer: Display: Creating Master Submix 'MasterSubmixDefault'
[2023.09.21-17.47.18:104][  0]LogAudioMixer: Display: Creating Master Submix 'MasterReverbSubmixDefault'
[2023.09.21-17.47.18:105][  0]LogAudioMixer: Display: Creating Master Submix 'MasterEQSubmixDefault'
[2023.09.21-17.47.18:106][  0]LogInit: FAudioDevice initialized.
[2023.09.21-17.47.18:106][  0]LogNetVersion: Set ProjectVersion to 1.0.0.0. Version Checksum will be recalculated on next use.
[2023.09.21-17.47.18:189][  0]LogDerivedDataCache: Saved boot cache 0.08s 75MB C:/Users/Matthew Lowe/AppData/Local/UnrealEngine/4.25/DerivedDataCache/Boot.ddc.
[2023.09.21-17.47.18:189][  0]LogInit: Texture streaming: Enabled
[2023.09.21-17.47.18:205][  0]LogEngineSessionManager: EngineSessionManager initialized
[2023.09.21-17.47.18:205][  0]LogEditorSessionSummary: Verbose: Initializing EditorSessionSummaryWriter for editor session tracking
[2023.09.21-17.47.18:208][  0]LogEditorSessionSummary: EditorSessionSummaryWriter initialized
[2023.09.21-17.47.18:239][  0]LogInit: Transaction tracking system initialized
[2023.09.21-17.47.18:260][  0]BlueprintLog: New page: Editor Load
[2023.09.21-17.47.18:313][  0]LocalizationService: Localization service is disabled
[2023.09.21-17.47.18:418][  0]LogCook: Display: Max memory allowance for cook 16384mb min free memory 0mb
[2023.09.21-17.47.18:418][  0]LogCook: Display: Mobile HDR setting 1
[2023.09.21-17.47.18:504][  0]LogFileCache: Scanning file cache for directory 'D:/Unreal Projects/Abstraction/Content/' took 0.00s
[2023.09.21-17.47.18:632][  0]SourceControl: Source control is disabled
[2023.09.21-17.47.18:632][  0]LogUnrealEdMisc: Loading editor; pre map load, took 5.278
[2023.09.21-17.47.18:632][  0]Cmd: MAP LOAD FILE="../../../../../../Unreal Projects/Abstraction/Content/StarterContent/Maps/Minimal_Default.umap" TEMPLATE=0 SHOWPROGRESS=1 FEATURELEVEL=3
[2023.09.21-17.47.18:633][  0]LightingResults: New page: Lighting Build
[2023.09.21-17.47.18:633][  0]LogWorld: UWorld::CleanupWorld for Untitled, bSessionEnded=true, bCleanupResources=true
[2023.09.21-17.47.18:633][  0]LogSlate: InvalidateAllWidgets triggered.  All widgets were invalidated
[2023.09.21-17.47.18:633][  0]MapCheck: New page: Map Check
[2023.09.21-17.47.18:633][  0]LightingResults: New page: Lighting Build
[2023.09.21-17.47.18:642][  0]LogAISub: UAISubsystem::~UAISubsystem EnvQueryManager (000001E6F4393C00), frame # 0
[2023.09.21-17.47.18:643][  0]LogAISub: UAISubsystem::~UAISubsystem AIPerceptionSystem (000001E6F43C6FC0), frame # 0
[2023.09.21-17.47.18:643][  0]LogUObjectHash: Compacting FUObjectHashTables data took   0.38ms
[2023.09.21-17.47.18:734][  0]LogAIModule: Creating AISystem for world Minimal_Default
[2023.09.21-17.47.18:734][  0]LogAISub: UAISubsystem::UAISubsystem EnvQueryManager (000001E6FAE84600), frame # 0
[2023.09.21-17.47.18:734][  0]LogAISub: UAISubsystem::UAISubsystem AIPerceptionSystem (000001E6FA78D800), frame # 0
[2023.09.21-17.47.18:737][  0]LogEditorServer: Finished looking for orphan Actors (0.000 secs)
[2023.09.21-17.47.18:747][  0]LogUObjectHash: Compacting FUObjectHashTables data took   0.44ms
[2023.09.21-17.47.18:748][  0]Cmd: MAP CHECKDEP NOCLEARLOG
[2023.09.21-17.47.18:748][  0]MapCheck: Map check complete: 0 Error(s), 0 Warning(s), took 0.088ms to complete.
[2023.09.21-17.47.18:748][  0]LogFileHelpers: Loading map 'Minimal_Default' took 0.115
[2023.09.21-17.47.18:750][  0]LogUnrealEdMisc: Total Editor Startup Time, took 5.395
[2023.09.21-17.47.18:827][  0]LogSlate: Updating window title bar state: overlay mode, drag disabled, window buttons hidden, title bar hidden
[2023.09.21-17.47.18:832][  0]LogSlate: Updating window title bar state: overlay mode, drag disabled, window buttons hidden, title bar hidden
[2023.09.21-17.47.18:836][  0]LogSlate: Updating window title bar state: overlay mode, drag disabled, window buttons hidden, title bar hidden
[2023.09.21-17.47.18:840][  0]LogSlate: Updating window title bar state: overlay mode, drag disabled, window buttons hidden, title bar hidden
[2023.09.21-17.47.18:843][  0]LogCollectionManager: Loaded 0 collections in 0.000666 seconds
[2023.09.21-17.47.18:854][  0]LogFileCache: Scanning file cache for directory 'D:/Unreal Projects/Abstraction/Saved/Collections/' took 0.00s
[2023.09.21-17.47.18:854][  0]LogFileCache: Scanning file cache for directory 'D:/Unreal Projects/Abstraction/Content/Developers/MatthewLowe/Collections/' took 0.00s
[2023.09.21-17.47.18:854][  0]LogFileCache: Scanning file cache for directory 'D:/Unreal Projects/Abstraction/Content/Collections/' took 0.00s
[2023.09.21-17.47.18:854][  0]LogContentBrowser: Native class hierarchy populated in 0.0065 seconds. Added 3429 classes and 824 folders.
[2023.09.21-17.47.18:856][  0]LogContentBrowser: Native class hierarchy updated for 'WidgetCarousel' in 0.0003 seconds. Added 0 classes and 0 folders.
[2023.09.21-17.47.18:906][  0]LogContentBrowser: Native class hierarchy updated for 'AddContentDialog' in 0.0003 seconds. Added 0 classes and 0 folders.
[2023.09.21-17.47.18:906][  0]LogContentBrowser: Native class hierarchy updated for 'SceneOutliner' in 0.0002 seconds. Added 2 classes and 0 folders.
[2023.09.21-17.47.18:929][  0]LogSlate: Took 0.000144 seconds to synchronously load lazily loaded font '../../../Engine/Content/Slate/Fonts/Roboto-Regular.ttf' (155K)
[2023.09.21-17.47.18:930][  0]LogSlate: Took 0.000173 seconds to synchronously load lazily loaded font '../../../Engine/Content/Slate/Fonts/Roboto-Bold.ttf' (160K)
[2023.09.21-17.47.18:933][  0]LogSlate: Took 0.000202 seconds to synchronously load lazily loaded font '../../../Engine/Content/Editor/Slate/Fonts/FontAwesome.ttf' (139K)
[2023.09.21-17.47.18:978][  0]LogRenderer: Reallocating scene render targets to support 1208x572 Format 10 NumSamples 1 (Frame:1).
[2023.09.21-17.47.19:048][  0]LogContentBrowser: Native class hierarchy updated for 'HierarchicalLODOutliner' in 0.0004 seconds. Added 0 classes and 0 folders.
[2023.09.21-17.47.19:048][  0]LogLoad: (Engine Initialization) Total time: 5.69 seconds
[2023.09.21-17.47.19:048][  0]LogLoad: (Engine Initialization) Total Blueprint compile time: 0.00 seconds
[2023.09.21-17.47.19:078][  0]LogAssetRegistry: Asset discovery search completed in 2.7113 seconds
[2023.09.21-17.47.19:080][  0]LogCollectionManager: Fixed up redirectors for 0 collections in 0.000002 seconds (updated 0 objects)
[2023.09.21-17.47.19:081][  0]LogContentStreaming: Texture pool size now 1000 MB
[2023.09.21-17.47.19:094][  0]LogSlate: Took 0.000196 seconds to synchronously load lazily loaded font '../../../Engine/Content/Slate/Fonts/Roboto-Light.ttf' (167K)
[2023.09.21-17.47.20:403][  4]LogSlate: Took 0.000245 seconds to synchronously load lazily loaded font '../../../Engine/Content/Slate/Fonts/Roboto-Light.ttf' (167K)
[2023.09.21-17.47.20:419][  4]LogTemp: Error: Abstract Component created
[2023.09.21-17.47.20:424][  4]LogAssetEditorSubsystem: Opening Asset editor for World /Game/NewLevel.NewLevel
[2023.09.21-17.47.20:439][  4]LogUObjectHash: Compacting FUObjectHashTables data took   0.35ms
[2023.09.21-17.47.20:442][  4]Cmd: MAP LOAD FILE="../../../../../../Unreal Projects/Abstraction/Content/NewLevel.umap" TEMPLATE=0 SHOWPROGRESS=1 FEATURELEVEL=3
[2023.09.21-17.47.20:442][  4]LightingResults: New page: Lighting Build
[2023.09.21-17.47.20:443][  4]LoadErrors: New page: Loading map: NewLevel.umap
[2023.09.21-17.47.20:443][  4]LogWorld: UWorld::CleanupWorld for Minimal_Default, bSessionEnded=true, bCleanupResources=true
[2023.09.21-17.47.20:443][  4]LogSlate: InvalidateAllWidgets triggered.  All widgets were invalidated
[2023.09.21-17.47.20:443][  4]MapCheck: New page: Map Check
[2023.09.21-17.47.20:443][  4]LightingResults: New page: Lighting Build
[2023.09.21-17.47.20:453][  4]LogAISub: UAISubsystem::~UAISubsystem EnvQueryManager (000001E6FAE84600), frame # 4
[2023.09.21-17.47.20:453][  4]LogAISub: UAISubsystem::~UAISubsystem AIPerceptionSystem (000001E6FA78D800), frame # 4
[2023.09.21-17.47.20:453][  4]LogUObjectHash: Compacting FUObjectHashTables data took   0.43ms
[2023.09.21-17.47.20:456][  4]LogEditorServer: Finished looking for orphan Actors (0.000 secs)
[2023.09.21-17.47.20:456][  4]LogAIModule: Creating AISystem for world NewLevel
[2023.09.21-17.47.20:456][  4]LogAISub: UAISubsystem::UAISubsystem EnvQueryManager (000001E6FA70EC00), frame # 4
[2023.09.21-17.47.20:456][  4]LogAISub: UAISubsystem::UAISubsystem AIPerceptionSystem (000001E6FA721440), frame # 4
[2023.09.21-17.47.20:464][  4]LogUObjectHash: Compacting FUObjectHashTables data took   0.48ms
[2023.09.21-17.47.20:471][  4]Cmd: MAP CHECKDEP NOCLEARLOG
[2023.09.21-17.47.20:471][  4]MapCheck: Map check complete: 0 Error(s), 0 Warning(s), took 0.06ms to complete.
[2023.09.21-17.47.20:472][  4]LogFileHelpers: Loading map 'NewLevel' took 0.030
[2023.09.21-17.47.21:572][121]LogEditorViewport: Clicking on Actor (LMB): BP_Sky_Sphere_C (BP_Sky_Sphere)
[2023.09.21-17.48.20:952][569]LogHotReload: New module detected: UE4Editor-AbstractionNewNEw-0001.dll
[2023.09.21-17.48.21:728][592]LogHotReload: Starting Hot-Reload from IDE
[2023.09.21-17.48.21:761][592]LogClass: Could not find existing class AbstractLogComponent in package /Script/AbstractionNewNEw for HotReload, assuming new class
[2023.09.21-17.48.21:762][592]LogTemp: Error: Abstract Component created
[2023.09.21-17.48.21:763][592]LogHotReload: Re-instancing AbstractLogComponent after hot-reload.
[2023.09.21-17.48.22:072][592]LogTemp: Error: Abstract Component created
[2023.09.21-17.48.22:074][592]LogContentBrowser: Native class hierarchy updated for 'AbstractionNewNEw' in 0.0004 seconds. Added 2 classes and 3 folders.
[2023.09.21-17.48.22:076][592]Display: HotReload successful (0 functions remapped  0 scriptstructs remapped)
[2023.09.21-17.48.22:099][592]LogContentBrowser: Native class hierarchy populated in 0.0063 seconds. Added 3429 classes and 824 folders.
[2023.09.21-17.48.22:107][592]Display: HotReload took  0.4s.
[2023.09.21-17.48.58:564][725]LogHotReload: New module detected: UE4Editor-AbstractionNewNEw-0002.dll
[2023.09.21-17.48.58:915][727]LogHotReload: Starting Hot-Reload from IDE
[2023.09.21-17.48.58:962][727]LogTemp: Error: Abstract Component created
[2023.09.21-17.48.58:962][727]LogContentBrowser: Native class hierarchy updated for 'AbstractionNewNEw' in 0.0005 seconds. Added 2 classes and 3 folders.
[2023.09.21-17.48.58:964][727]Display: HotReload successful (0 functions remapped  0 scriptstructs remapped)
[2023.09.21-17.48.58:982][727]LogContentBrowser: Native class hierarchy populated in 0.0066 seconds. Added 3429 classes and 824 folders.
[2023.09.21-17.48.58:989][727]Display: HotReload took  0.1s.
[2023.09.21-17.50.02:815][917]LogHotReload: New module detected: UE4Editor-AbstractionNewNEw-0003.dll
[2023.09.21-17.50.03:497][920]LogHotReload: Starting Hot-Reload from IDE
[2023.09.21-17.50.03:529][920]LogTemp: Error: Abstract Component created
[2023.09.21-17.50.03:530][920]LogContentBrowser: Native class hierarchy updated for 'AbstractionNewNEw' in 0.0005 seconds. Added 2 classes and 3 folders.
[2023.09.21-17.50.03:530][920]Display: HotReload successful (0 functions remapped  0 scriptstructs remapped)
[2023.09.21-17.50.03:552][920]LogContentBrowser: Native class hierarchy populated in 0.0097 seconds. Added 3429 classes and 824 folders.
[2023.09.21-17.50.03:559][920]Display: HotReload took  0.1s.
[2023.09.21-17.50.07:451][209]LogTemp: Repeating last play command: Selected Viewport
[2023.09.21-17.50.07:456][209]LogPlayLevel: PlayLevel: No blueprints needed recompiling
[2023.09.21-17.50.07:456][209]PIE: New page: PIE session: NewLevel (21 Sep 2023, 19:50:07)
[2023.09.21-17.50.07:457][209]LogOnline: OSS: Creating online subsystem instance for: NULL
[2023.09.21-17.50.07:458][209]LogOnline: OSS: TryLoadSubsystemAndSetDefault: Loaded subsystem for module [NULL]
[2023.09.21-17.50.07:458][209]LogPlayLevel: Creating play world package: /Game/UEDPIE_0_NewLevel
[2023.09.21-17.50.07:458][209]LogTemp: Error: Abstract Component created
[2023.09.21-17.50.07:460][209]LogPlayLevel: PIE: StaticDuplicateObject took: (0.002012s)
[2023.09.21-17.50.07:461][209]LogAIModule: Creating AISystem for world NewLevel
[2023.09.21-17.50.07:461][209]LogAISub: UAISubsystem::UAISubsystem EnvQueryManager (000001E6ACC3BE00), frame # 2209
[2023.09.21-17.50.07:461][209]LogAISub: UAISubsystem::UAISubsystem AIPerceptionSystem (000001E6FA78DE40), frame # 2209
[2023.09.21-17.50.07:461][209]LogPlayLevel: PIE: World Init took: (0.001056s)
[2023.09.21-17.50.07:461][209]LogPlayLevel: PIE: Created PIE world by copying editor world from /Game/NewLevel.NewLevel to /Game/UEDPIE_0_NewLevel.NewLevel (0.003160s)
[2023.09.21-17.50.07:471][209]LogUObjectHash: Compacting FUObjectHashTables data took   0.36ms
[2023.09.21-17.50.07:471][209]LogAudioMixer: Display: Audio Mixer Platform Settings:
[2023.09.21-17.50.07:471][209]LogAudioMixer: Display: 	Sample Rate:						  48000
[2023.09.21-17.50.07:471][209]LogAudioMixer: Display: 	Callback Buffer Frame Size Requested: 1024
[2023.09.21-17.50.07:471][209]LogAudioMixer: Display: 	Callback Buffer Frame Size To Use:	  1024
[2023.09.21-17.50.07:471][209]LogAudioMixer: Display: 	Number of buffers to queue:			  2
[2023.09.21-17.50.07:471][209]LogAudioMixer: Display: 	Max Channels (voices):				  32
[2023.09.21-17.50.07:471][209]LogAudioMixer: Display: 	Number of Async Source Workers:		  0
[2023.09.21-17.50.07:471][209]LogAudio: Display: AudioDevice MaxSources: 32
[2023.09.21-17.50.07:471][209]LogAudio: Display: Using built-in audio occlusion.
[2023.09.21-17.50.07:471][209]LogAudioMixer: Display: Initializing audio mixer.
[2023.09.21-17.50.07:482][209]LogAudioMixer: Display: 0: FrontLeft
[2023.09.21-17.50.07:482][209]LogAudioMixer: Display: 1: FrontRight
[2023.09.21-17.50.07:482][209]LogAudioMixer: Display: 2: FrontCenter
[2023.09.21-17.50.07:482][209]LogAudioMixer: Display: 3: LowFrequency
[2023.09.21-17.50.07:482][209]LogAudioMixer: Display: 4: BackLeft
[2023.09.21-17.50.07:482][209]LogAudioMixer: Display: 5: BackRight
[2023.09.21-17.50.07:482][209]LogAudioMixer: Display: 6: SideLeft
[2023.09.21-17.50.07:482][209]LogAudioMixer: Display: 7: SideRight
[2023.09.21-17.50.07:513][209]LogAudioMixer: Display: Using Audio Device Speakers (PRO X 2 LIGHTSPEED)
[2023.09.21-17.50.07:513][209]LogAudioMixer: Display: Initializing Sound Submixes...
[2023.09.21-17.50.07:513][209]LogAudioMixer: Display: Creating Master Submix 'MasterSubmixDefault'
[2023.09.21-17.50.07:513][209]LogAudioMixer: Display: Creating Master Submix 'MasterReverbSubmixDefault'
[2023.09.21-17.50.07:514][209]LogAudioMixer: Display: Creating Master Submix 'MasterEQSubmixDefault'
[2023.09.21-17.50.07:523][209]LogInit: FAudioDevice initialized.
[2023.09.21-17.50.07:533][209]LogLoad: Game class is 'GameModeBase'
[2023.09.21-17.50.07:535][209]LogWorld: Bringing World /Game/UEDPIE_0_NewLevel.NewLevel up for play (max tick rate 0) at 2023.09.21-18.50.07
[2023.09.21-17.50.07:535][209]LogWorld: Bringing up level for play took: 0.000602
[2023.09.21-17.50.07:535][209]LogOnline: OSS: Creating online subsystem instance for: :Context_1
[2023.09.21-17.50.07:558][209]LogContentBrowser: Native class hierarchy updated for 'MovieSceneCapture' in 0.0004 seconds. Added 20 classes and 0 folders.
[2023.09.21-17.50.07:558][209]LogTemp: Warning: UAbstractLogComponent::BeginPlay 
[2023.09.21-17.50.07:559][209]PIE: Server logged in
[2023.09.21-17.50.07:560][209]PIE: Play in editor total start time 0.106 seconds.
[2023.09.21-17.50.14:349][  2]LogSlate: Updating window title bar state: overlay mode, drag disabled, window buttons hidden, title bar hidden
[2023.09.21-17.50.14:349][  2]LogWorld: BeginTearingDown for /Game/UEDPIE_0_NewLevel
[2023.09.21-17.50.14:349][  2]LogWorld: UWorld::CleanupWorld for NewLevel, bSessionEnded=true, bCleanupResources=true
[2023.09.21-17.50.14:349][  2]LogSlate: InvalidateAllWidgets triggered.  All widgets were invalidated
[2023.09.21-17.50.14:357][  2]LogPlayLevel: Display: Shutting down PIE online subsystems
[2023.09.21-17.50.14:358][  2]LogSlate: InvalidateAllWidgets triggered.  All widgets were invalidated
[2023.09.21-17.50.14:378][  2]LogSlate: Updating window title bar state: overlay mode, drag disabled, window buttons hidden, title bar hidden
[2023.09.21-17.50.14:378][  2]LogAISub: UAISubsystem::~UAISubsystem AIPerceptionSystem (000001E6FA78DE40), frame # 3002
[2023.09.21-17.50.14:378][  2]LogAISub: UAISubsystem::~UAISubsystem EnvQueryManager (000001E6ACC3BE00), frame # 3002
[2023.09.21-17.50.14:379][  2]LogUObjectHash: Compacting FUObjectHashTables data took   0.32ms
[2023.09.21-17.50.14:417][  6]LogPlayLevel: Display: Destroying online subsystem :Context_1
[2023.09.21-17.50.17:509][372]Cmd: OBJ SAVEPACKAGE PACKAGE="/Game/NewLevel" FILE="../../../../../../Unreal Projects/Abstraction/Content/NewLevel.umap" SILENT=true AUTOSAVING=false KEEPDIRTY=false
[2023.09.21-17.50.17:518][372]LogUObjectHash: Compacting FUObjectHashTables data took   0.31ms
[2023.09.21-17.50.17:527][372]LogSavePackage: Moving '../../../../../../Unreal Projects/Abstraction/Saved/NewLevelC2EB8BF94A5673D1D0EA059F6BC697DC.tmp' to '../../../../../../Unreal Projects/Abstraction/Content/NewLevel.umap'
[2023.09.21-17.50.17:547][372]AssetCheck: New page: Asset Save: NewLevel
[2023.09.21-17.50.17:547][372]LogContentValidation: Display: Validating World /Game/NewLevel.NewLevel
[2023.09.21-17.50.41:692][476]LogTemp: Repeating last play command: Selected Viewport
[2023.09.21-17.50.41:695][476]LogPlayLevel: PlayLevel: No blueprints needed recompiling
[2023.09.21-17.50.41:695][476]PIE: New page: PIE session: NewLevel (21 Sep 2023, 19:50:41)
[2023.09.21-17.50.41:695][476]LogPlayLevel: Creating play world package: /Game/UEDPIE_0_NewLevel
[2023.09.21-17.50.41:696][476]LogTemp: Error: Abstract Component created
[2023.09.21-17.50.41:697][476]LogPlayLevel: PIE: StaticDuplicateObject took: (0.001941s)
[2023.09.21-17.50.41:698][476]LogAIModule: Creating AISystem for world NewLevel
[2023.09.21-17.50.41:698][476]LogAISub: UAISubsystem::UAISubsystem EnvQueryManager (000001E683983C00), frame # 5476
[2023.09.21-17.50.41:698][476]LogAISub: UAISubsystem::UAISubsystem AIPerceptionSystem (000001E683BD3240), frame # 5476
[2023.09.21-17.50.41:698][476]LogPlayLevel: PIE: World Init took: (0.000834s)
[2023.09.21-17.50.41:698][476]LogPlayLevel: PIE: Created PIE world by copying editor world from /Game/NewLevel.NewLevel to /Game/UEDPIE_0_NewLevel.NewLevel (0.002862s)
[2023.09.21-17.50.41:713][476]LogUObjectHash: Compacting FUObjectHashTables data took   0.35ms
[2023.09.21-17.50.41:714][476]LogAudioMixer: Display: Audio Mixer Platform Settings:
[2023.09.21-17.50.41:714][476]LogAudioMixer: Display: 	Sample Rate:						  48000
[2023.09.21-17.50.41:714][476]LogAudioMixer: Display: 	Callback Buffer Frame Size Requested: 1024
[2023.09.21-17.50.41:714][476]LogAudioMixer: Display: 	Callback Buffer Frame Size To Use:	  1024
[2023.09.21-17.50.41:714][476]LogAudioMixer: Display: 	Number of buffers to queue:			  2
[2023.09.21-17.50.41:714][476]LogAudioMixer: Display: 	Max Channels (voices):				  32
[2023.09.21-17.50.41:714][476]LogAudioMixer: Display: 	Number of Async Source Workers:		  0
[2023.09.21-17.50.41:714][476]LogAudio: Display: AudioDevice MaxSources: 32
[2023.09.21-17.50.41:714][476]LogAudio: Display: Using built-in audio occlusion.
[2023.09.21-17.50.41:714][476]LogAudioMixer: Display: Initializing audio mixer.
[2023.09.21-17.50.41:724][476]LogAudioMixer: Display: 0: FrontLeft
[2023.09.21-17.50.41:724][476]LogAudioMixer: Display: 1: FrontRight
[2023.09.21-17.50.41:724][476]LogAudioMixer: Display: 2: FrontCenter
[2023.09.21-17.50.41:724][476]LogAudioMixer: Display: 3: LowFrequency
[2023.09.21-17.50.41:724][476]LogAudioMixer: Display: 4: BackLeft
[2023.09.21-17.50.41:724][476]LogAudioMixer: Display: 5: BackRight
[2023.09.21-17.50.41:724][476]LogAudioMixer: Display: 6: SideLeft
[2023.09.21-17.50.41:724][476]LogAudioMixer: Display: 7: SideRight
[2023.09.21-17.50.41:753][476]LogAudioMixer: Display: Using Audio Device Speakers (PRO X 2 LIGHTSPEED)
[2023.09.21-17.50.41:753][476]LogAudioMixer: Display: Initializing Sound Submixes...
[2023.09.21-17.50.41:753][476]LogAudioMixer: Display: Creating Master Submix 'MasterSubmixDefault'
[2023.09.21-17.50.41:753][476]LogAudioMixer: Display: Creating Master Submix 'MasterReverbSubmixDefault'
[2023.09.21-17.50.41:753][476]LogAudioMixer: Display: Creating Master Submix 'MasterEQSubmixDefault'
[2023.09.21-17.50.41:754][476]LogInit: FAudioDevice initialized.
[2023.09.21-17.50.41:765][476]LogLoad: Game class is 'GameModeBase'
[2023.09.21-17.50.41:767][476]LogWorld: Bringing World /Game/UEDPIE_0_NewLevel.NewLevel up for play (max tick rate 0) at 2023.09.21-18.50.41
[2023.09.21-17.50.41:767][476]LogWorld: Bringing up level for play took: 0.000521
[2023.09.21-17.50.41:767][476]LogOnline: OSS: Creating online subsystem instance for: :Context_2
[2023.09.21-17.50.41:768][476]LogTemp: Warning: UAbstractLogComponent::BeginPlay 
[2023.09.21-17.50.41:768][476]PIE: Server logged in
[2023.09.21-17.50.41:769][476]PIE: Play in editor total start time 0.074 seconds.
[2023.09.21-17.50.50:108][466]LogSlate: Updating window title bar state: overlay mode, drag disabled, window buttons hidden, title bar hidden
[2023.09.21-17.50.50:108][466]LogWorld: BeginTearingDown for /Game/UEDPIE_0_NewLevel
[2023.09.21-17.50.50:108][466]LogWorld: UWorld::CleanupWorld for NewLevel, bSessionEnded=true, bCleanupResources=true
[2023.09.21-17.50.50:108][466]LogSlate: InvalidateAllWidgets triggered.  All widgets were invalidated
[2023.09.21-17.50.50:113][466]LogPlayLevel: Display: Shutting down PIE online subsystems
[2023.09.21-17.50.50:113][466]LogSlate: InvalidateAllWidgets triggered.  All widgets were invalidated
[2023.09.21-17.50.50:122][466]LogSlate: Updating window title bar state: overlay mode, drag disabled, window buttons hidden, title bar hidden
[2023.09.21-17.50.50:134][466]LogAISub: UAISubsystem::~UAISubsystem AIPerceptionSystem (000001E683BD3240), frame # 6466
[2023.09.21-17.50.50:134][466]LogAISub: UAISubsystem::~UAISubsystem EnvQueryManager (000001E683983C00), frame # 6466
[2023.09.21-17.50.50:134][466]LogUObjectHash: Compacting FUObjectHashTables data took   0.33ms
[2023.09.21-17.50.50:184][470]LogPlayLevel: Display: Destroying online subsystem :Context_2
[2023.09.21-17.52.03:929][766]LogSlate: Took 0.007723 seconds to synchronously load lazily loaded font '../../../Engine/Content/Slate/Fonts/DroidSansMono.ttf' (77K)
[2023.09.21-17.52.26:132][966]LogSlate: Window 'Device Output Log' being destroyed
[2023.09.21-17.52.26:137][966]LogSlate: Window 'Device Output Log' being destroyed
[2023.09.21-17.52.29:538][349]LogTemp: Repeating last play command: Selected Viewport
[2023.09.21-17.52.29:541][349]LogPlayLevel: PlayLevel: No blueprints needed recompiling
[2023.09.21-17.52.29:541][349]PIE: New page: PIE session: NewLevel (21 Sep 2023, 19:52:29)
[2023.09.21-17.52.29:542][349]LogPlayLevel: Creating play world package: /Game/UEDPIE_0_NewLevel
[2023.09.21-17.52.29:542][349]LogTemp: Error: Abstract Component created
[2023.09.21-17.52.29:544][349]LogPlayLevel: PIE: StaticDuplicateObject took: (0.002196s)
[2023.09.21-17.52.29:545][349]LogAIModule: Creating AISystem for world NewLevel
[2023.09.21-17.52.29:545][349]LogAISub: UAISubsystem::UAISubsystem EnvQueryManager (000001E68A8E8C00), frame # 15349
[2023.09.21-17.52.29:545][349]LogAISub: UAISubsystem::UAISubsystem AIPerceptionSystem (000001E683BD1940), frame # 15349
[2023.09.21-17.52.29:545][349]LogPlayLevel: PIE: World Init took: (0.001055s)
[2023.09.21-17.52.29:545][349]LogPlayLevel: PIE: Created PIE world by copying editor world from /Game/NewLevel.NewLevel to /Game/UEDPIE_0_NewLevel.NewLevel (0.003348s)
[2023.09.21-17.52.29:554][349]LogUObjectHash: Compacting FUObjectHashTables data took   0.32ms
[2023.09.21-17.52.29:555][349]LogAudioMixer: Display: Audio Mixer Platform Settings:
[2023.09.21-17.52.29:555][349]LogAudioMixer: Display: 	Sample Rate:						  48000
[2023.09.21-17.52.29:555][349]LogAudioMixer: Display: 	Callback Buffer Frame Size Requested: 1024
[2023.09.21-17.52.29:555][349]LogAudioMixer: Display: 	Callback Buffer Frame Size To Use:	  1024
[2023.09.21-17.52.29:555][349]LogAudioMixer: Display: 	Number of buffers to queue:			  2
[2023.09.21-17.52.29:555][349]LogAudioMixer: Display: 	Max Channels (voices):				  32
[2023.09.21-17.52.29:555][349]LogAudioMixer: Display: 	Number of Async Source Workers:		  0
[2023.09.21-17.52.29:555][349]LogAudio: Display: AudioDevice MaxSources: 32
[2023.09.21-17.52.29:555][349]LogAudio: Display: Using built-in audio occlusion.
[2023.09.21-17.52.29:555][349]LogAudioMixer: Display: Initializing audio mixer.
[2023.09.21-17.52.29:565][349]LogAudioMixer: Display: 0: FrontLeft
[2023.09.21-17.52.29:565][349]LogAudioMixer: Display: 1: FrontRight
[2023.09.21-17.52.29:565][349]LogAudioMixer: Display: 2: FrontCenter
[2023.09.21-17.52.29:565][349]LogAudioMixer: Display: 3: LowFrequency
[2023.09.21-17.52.29:565][349]LogAudioMixer: Display: 4: BackLeft
[2023.09.21-17.52.29:565][349]LogAudioMixer: Display: 5: BackRight
[2023.09.21-17.52.29:565][349]LogAudioMixer: Display: 6: SideLeft
[2023.09.21-17.52.29:565][349]LogAudioMixer: Display: 7: SideRight
[2023.09.21-17.52.29:595][349]LogAudioMixer: Display: Using Audio Device Speakers (PRO X 2 LIGHTSPEED)
[2023.09.21-17.52.29:595][349]LogAudioMixer: Display: Initializing Sound Submixes...
[2023.09.21-17.52.29:595][349]LogAudioMixer: Display: Creating Master Submix 'MasterSubmixDefault'
[2023.09.21-17.52.29:595][349]LogAudioMixer: Display: Creating Master Submix 'MasterReverbSubmixDefault'
[2023.09.21-17.52.29:595][349]LogAudioMixer: Display: Creating Master Submix 'MasterEQSubmixDefault'
[2023.09.21-17.52.29:604][349]LogInit: FAudioDevice initialized.
[2023.09.21-17.52.29:612][349]LogLoad: Game class is 'GameModeBase'
[2023.09.21-17.52.29:613][349]LogWorld: Bringing World /Game/UEDPIE_0_NewLevel.NewLevel up for play (max tick rate 0) at 2023.09.21-18.52.29
[2023.09.21-17.52.29:613][349]LogWorld: Bringing up level for play took: 0.000542
[2023.09.21-17.52.29:613][349]LogOnline: OSS: Creating online subsystem instance for: :Context_3
[2023.09.21-17.52.29:614][349]LogTemp: Warning: UAbstractLogComponent::BeginPlay 
[2023.09.21-17.52.29:614][349]PIE: Server logged in
[2023.09.21-17.52.29:615][349]PIE: Play in editor total start time 0.074 seconds.
[2023.09.21-17.52.32:188][642]LogSlate: Updating window title bar state: overlay mode, drag disabled, window buttons hidden, title bar hidden
[2023.09.21-17.52.32:188][642]LogWorld: BeginTearingDown for /Game/UEDPIE_0_NewLevel
[2023.09.21-17.52.32:188][642]LogWorld: UWorld::CleanupWorld for NewLevel, bSessionEnded=true, bCleanupResources=true
[2023.09.21-17.52.32:188][642]LogSlate: InvalidateAllWidgets triggered.  All widgets were invalidated
[2023.09.21-17.52.32:196][642]LogPlayLevel: Display: Shutting down PIE online subsystems
[2023.09.21-17.52.32:197][642]LogSlate: InvalidateAllWidgets triggered.  All widgets were invalidated
[2023.09.21-17.52.32:233][642]LogSlate: Updating window title bar state: overlay mode, drag disabled, window buttons hidden, title bar hidden
[2023.09.21-17.52.32:234][642]LogAISub: UAISubsystem::~UAISubsystem AIPerceptionSystem (000001E683BD1940), frame # 15642
[2023.09.21-17.52.32:234][642]LogAISub: UAISubsystem::~UAISubsystem EnvQueryManager (000001E68A8E8C00), frame # 15642
[2023.09.21-17.52.32:235][642]LogUObjectHash: Compacting FUObjectHashTables data took   0.33ms
[2023.09.21-17.52.32:246][643]LogPlayLevel: Display: Destroying online subsystem :Context_3
