Log file open, 09/21/23 18:46:26
LogInit: Display: Running engine for game: Abstraction
LogPlatformFile: Not using cached read wrapper
LogTaskGraph: Started task graph with 5 named threads and 47 total threads with 3 sets of task threads.
LogStats: Stats thread started at 0.249586
LogD3D11RHI: Loaded GFSDK_Aftermath_Lib.x64.dll
LogICUInternationalization: ICU TimeZone Detection - Raw Offset: +0:00, Platform Override: ''
LogPluginManager: Mounting plugin Paper2D
LogPluginManager: Mounting plugin AISupport
LogPluginManager: Mounting plugin LightPropagationVolume
LogPluginManager: Mounting plugin CameraShakePreviewer
LogPluginManager: Mounting plugin ActorLayerUtilities
LogPluginManager: Mounting plugin AnimationSharing
LogPluginManager: Mounting plugin CLionSourceCodeAccess
LogPluginManager: Mounting plugin CodeLiteSourceCodeAccess
LogPluginManager: Mounting plugin GitSourceControl
LogPluginManager: Mounting plugin KDevelopSourceCodeAccess
LogPluginManager: Mounting plugin NullSourceCodeAccess
LogPluginManager: Mounting plugin PerforceSourceControl
LogPluginManager: Mounting plugin PlasticSourceControl
LogPluginManager: Mounting plugin RiderSourceCodeAccess
LogPluginManager: Mounting plugin SubversionSourceControl
LogPluginManager: Mounting plugin UObjectPlugin
LogPluginManager: Mounting plugin VisualStudioCodeSourceCodeAccess
LogPluginManager: Mounting plugin VisualStudioSourceCodeAccess
LogPluginManager: Mounting plugin XCodeSourceCodeAccess
LogPluginManager: Mounting plugin AssetManagerEditor
LogPluginManager: Mounting plugin CryptoKeys
LogPluginManager: Mounting plugin CurveEditorTools
LogPluginManager: Mounting plugin DataValidation
LogPluginManager: Mounting plugin EditorScriptingUtilities
LogPluginManager: Mounting plugin FacialAnimation
LogPluginManager: Mounting plugin GameplayTagsEditor
LogPluginManager: Mounting plugin GeometryMode
LogPluginManager: Mounting plugin MacGraphicsSwitching
LogPluginManager: Mounting plugin MaterialAnalyzer
LogPluginManager: Mounting plugin MobileLauncherProfileWizard
LogPluginManager: Mounting plugin PluginBrowser
LogPluginManager: Mounting plugin SpeedTreeImporter
LogPluginManager: Mounting plugin DatasmithContent
LogPluginManager: Mounting plugin VariantManagerContent
LogPluginManager: Mounting plugin AlembicImporter
LogPluginManager: Mounting plugin AutomationUtils
LogPluginManager: Mounting plugin BackChannel
LogPluginManager: Mounting plugin ChaosCloth
LogPluginManager: Mounting plugin ChaosClothEditor
LogPluginManager: Mounting plugin ChaosEditor
LogPluginManager: Mounting plugin ChaosNiagara
LogPluginManager: Mounting plugin ChaosSolverPlugin
LogPluginManager: Mounting plugin CharacterAI
LogPluginManager: Mounting plugin GeometryCache
LogPluginManager: Mounting plugin GeometryCollectionPlugin
LogPluginManager: Mounting plugin GeometryProcessing
LogPluginManager: Mounting plugin PlanarCut
LogPluginManager: Mounting plugin PlatformCrypto
LogPluginManager: Mounting plugin ProxyLODPlugin
LogPluginManager: Mounting plugin SkeletalReduction
LogPluginManager: Mounting plugin Niagara
LogPluginManager: Mounting plugin MagicLeap
LogPluginManager: Mounting plugin MagicLeapLightEstimation
LogPluginManager: Mounting plugin MagicLeapMedia
LogPluginManager: Mounting plugin MagicLeapPassableWorld
LogPluginManager: Mounting plugin MLSDK
LogPluginManager: Mounting plugin AndroidMedia
LogPluginManager: Mounting plugin AvfMedia
LogPluginManager: Mounting plugin ImgMedia
LogPluginManager: Mounting plugin MediaCompositing
LogPluginManager: Mounting plugin MediaPlayerEditor
LogPluginManager: Mounting plugin WebMMedia
LogPluginManager: Mounting plugin WmfMedia
LogPluginManager: Mounting plugin MeshPainting
LogPluginManager: Mounting plugin TcpMessaging
LogPluginManager: Mounting plugin UdpMessaging
LogPluginManager: Mounting plugin ActorSequence
LogPluginManager: Mounting plugin LevelSequenceEditor
LogPluginManager: Mounting plugin MatineeToLevelSequence
LogPluginManager: Mounting plugin MovieRenderPipeline
LogPluginManager: Mounting plugin TemplateSequence
LogPluginManager: Mounting plugin NetcodeUnitTest
LogPluginManager: Mounting plugin NUTUnrealEngine4
LogPluginManager: Mounting plugin OnlineSubsystemGooglePlay
LogPluginManager: Mounting plugin OnlineSubsystemIOS
LogPluginManager: Mounting plugin OnlineSubsystem
LogPluginManager: Mounting plugin OnlineSubsystemNull
LogPluginManager: Mounting plugin OnlineSubsystemUtils
LogPluginManager: Mounting plugin LauncherChunkInstaller
LogPluginManager: Mounting plugin AndroidDeviceProfileSelector
LogPluginManager: Mounting plugin AndroidMoviePlayer
LogPluginManager: Mounting plugin AndroidPermission
LogPluginManager: Mounting plugin AppleImageUtils
LogPluginManager: Mounting plugin AppleMoviePlayer
LogPluginManager: Mounting plugin ArchVisCharacter
LogPluginManager: Mounting plugin AssetTags
LogPluginManager: Mounting plugin AudioCapture
LogPluginManager: Mounting plugin CableComponent
LogPluginManager: Mounting plugin CustomMeshComponent
LogPluginManager: Mounting plugin EditableMesh
LogPluginManager: Mounting plugin ExampleDeviceProfileSelector
LogPluginManager: Mounting plugin GoogleCloudMessaging
LogPluginManager: Mounting plugin GooglePAD
LogPluginManager: Mounting plugin IOSDeviceProfileSelector
LogPluginManager: Mounting plugin LinuxDeviceProfileSelector
LogPluginManager: Mounting plugin LocationServicesBPLibrary
LogPluginManager: Mounting plugin MobilePatchingUtils
LogPluginManager: Mounting plugin OculusVR
LogPluginManager: Mounting plugin PhysXVehicles
LogPluginManager: Mounting plugin PostSplashScreen
LogPluginManager: Mounting plugin ProceduralMeshComponent
LogPluginManager: Mounting plugin RuntimePhysXCooking
LogPluginManager: Mounting plugin SignificanceManager
LogPluginManager: Mounting plugin SoundFields
LogPluginManager: Mounting plugin SteamVR
LogPluginManager: Mounting plugin Synthesis
LogPluginManager: Mounting plugin WebMMoviePlayer
LogPluginManager: Mounting plugin WindowsMoviePlayer
LogPluginManager: Mounting plugin ScreenshotTools
LogInit: Using libcurl 7.55.1-DEV
LogInit:  - built for x86_64-pc-win32
LogInit:  - supports SSL with OpenSSL/1.1.1
LogInit:  - supports HTTP deflate (compression) using libz 1.2.8
LogInit:  - other features:
LogInit:      CURL_VERSION_SSL
LogInit:      CURL_VERSION_LIBZ
LogInit:      CURL_VERSION_IPV6
LogInit:      CURL_VERSION_ASYNCHDNS
LogInit:      CURL_VERSION_LARGEFILE
LogInit:      CURL_VERSION_IDN
LogInit:  CurlRequestOptions (configurable via config and command line):
LogInit:  - bVerifyPeer = true  - Libcurl will verify peer certificate
LogInit:  - bUseHttpProxy = false  - Libcurl will NOT use HTTP proxy
LogInit:  - bDontReuseConnections = false  - Libcurl will reuse connections
LogInit:  - MaxHostConnections = 16  - Libcurl will limit the number of connections to a host
LogInit:  - LocalHostAddr = Default
LogInit:  - BufferSize = 65536
LogOnline: OSS: Creating online subsystem instance for: NULL
LogInit: WinSock: version 1.1 (2.2), MaxSocks=32767, MaxUdp=65467
LogOnline: OSS: TryLoadSubsystemAndSetDefault: Loaded subsystem for module [NULL]
LogInit: Build: ++UE4+Release-4.25-CL-14469661
LogInit: Engine Version: 4.25.4-14469661+++UE4+Release-4.25
LogInit: Compatible Engine Version: 4.25.0-13144385+++UE4+Release-4.25
LogInit: Net CL: 13144385
LogInit: OS: Windows 10 (Release 2009) (), CPU: 11th Gen Intel(R) Core(TM) i9-11900K @ 3.50GHz, GPU: NVIDIA GeForce RTX 3080 Ti
LogInit: Compiled (64-bit): Oct 11 2020 08:10:49
LogInit: Compiled with Visual C++: 19.24.28315.00
LogInit: Build Configuration: Development
LogInit: Branch Name: ++UE4+Release-4.25
LogInit: Command Line:  -skipcompile
LogInit: Base Directory: D:/Program Files (x86)/Epic Games/UE_4.25/Engine/Binaries/Win64/
LogInit: Allocator: TBB
LogInit: Installed Engine Build: 1
LogDevObjectVersion: Number of dev versions registered: 26
LogDevObjectVersion:   Dev-Blueprints (B0D832E4-1F89-4F0D-ACCF-7EB736FD4AA2): 10
LogDevObjectVersion:   Dev-Build (E1C64328-A22C-4D53-A36C-8E866417BD8C): 0
LogDevObjectVersion:   Dev-Core (375EC13C-06E4-48FB-B500-84F0262A717E): 4
LogDevObjectVersion:   Dev-Editor (E4B068ED-F494-42E9-A231-DA0B2E46BB41): 38
LogDevObjectVersion:   Dev-Framework (CFFC743F-43B0-4480-9391-14DF171D2073): 37
LogDevObjectVersion:   Dev-Mobile (B02B49B5-BB20-44E9-A304-32B752E40360): 2
LogDevObjectVersion:   Dev-Networking (A4E4105C-59A1-49B5-A7C5-40C4547EDFEE): 0
LogDevObjectVersion:   Dev-Online (39C831C9-5AE6-47DC-9A44-9C173E1C8E7C): 0
LogDevObjectVersion:   Dev-Physics (78F01B33-EBEA-4F98-B9B4-84EACCB95AA2): 4
LogDevObjectVersion:   Dev-Platform (6631380F-2D4D-43E0-8009-CF276956A95A): 0
LogDevObjectVersion:   Dev-Rendering (12F88B9F-8875-4AFC-A67C-D90C383ABD29): 43
LogDevObjectVersion:   Dev-Sequencer (7B5AE74C-D270-4C10-A958-57980B212A5A): 12
LogDevObjectVersion:   Dev-VR (D7296918-1DD6-4BDD-9DE2-64A83CC13884): 3
LogDevObjectVersion:   Dev-LoadTimes (C2A15278-BFE7-4AFE-6C17-90FF531DF755): 1
LogDevObjectVersion:   Private-Geometry (6EACA3D4-40EC-4CC1-B786-8BED09428FC5): 3
LogDevObjectVersion:   Dev-AnimPhys (29E575DD-E0A3-4627-9D10-D276232CDCEA): 17
LogDevObjectVersion:   Dev-Anim (AF43A65D-7FD3-4947-9873-3E8ED9C1BB05): 7
LogDevObjectVersion:   Dev-ReflectionCapture (6B266CEC-1EC7-4B8F-A30B-E4D90942FC07): 1
LogDevObjectVersion:   Dev-Automation (0DF73D61-A23F-47EA-B727-89E90C41499A): 1
LogDevObjectVersion:   FortniteMain (601D1886-AC64-4F84-AA16-D3DE0DEAC7D6): 31
LogDevObjectVersion:   Dev-Enterprise (9DFFBCD6-494F-0158-E221-12823C92A888): 10
LogDevObjectVersion:   Dev-Niagara (F2AED0AC-9AFE-416F-8664-AA7FFA26D6FC): 1
LogDevObjectVersion:   Dev-Destruction (174F1F0B-B4C6-45A5-B13F-2EE8D0FB917D): 10
LogDevObjectVersion:   Dev-Physics-Ext (35F94A83-E258-406C-A318-09F59610247C): 37
LogDevObjectVersion:   Dev-PhysicsMaterial-Chaos (B68FC16E-8B1B-42E2-B453-215C058844FE): 1
LogDevObjectVersion:   Dev-CineCamera (B2E18506-4273-CFC2-A54E-F4BB758BBA07): 1
LogInit: Presizing for max 25165824 objects, including 0 objects not considered by GC, pre-allocating 0 bytes for permanent pool.
LogConfig: Applying CVar settings from Section [/Script/Engine.StreamingSettings] File [D:/Unreal Projects/Abstraction/Saved/Config/Windows/Engine.ini]
LogConfig: Setting CVar [[s.MinBulkDataSizeForAsyncLoading:131072]]
LogConfig: Setting CVar [[s.AsyncLoadingThreadEnabled:0]]
LogConfig: Setting CVar [[s.EventDrivenLoaderEnabled:1]]
LogConfig: Setting CVar [[s.WarnIfTimeLimitExceeded:0]]
LogConfig: Setting CVar [[s.TimeLimitExceededMultiplier:1.5]]
LogConfig: Setting CVar [[s.TimeLimitExceededMinTime:0.005]]
LogConfig: Setting CVar [[s.UseBackgroundLevelStreaming:1]]
LogConfig: Setting CVar [[s.PriorityAsyncLoadingExtraTime:15.0]]
LogConfig: Setting CVar [[s.LevelStreamingActorsUpdateTimeLimit:5.0]]
LogConfig: Setting CVar [[s.PriorityLevelStreamingActorsUpdateExtraTime:5.0]]
LogConfig: Setting CVar [[s.LevelStreamingComponentsRegistrationGranularity:10]]
LogConfig: Setting CVar [[s.UnregisterComponentsTimeLimit:1.0]]
LogConfig: Setting CVar [[s.LevelStreamingComponentsUnregistrationGranularity:5]]
LogConfig: Setting CVar [[s.FlushStreamingOnExit:1]]
LogInit: Object subsystem initialized
LogConfig: Setting CVar [[con.DebugEarlyDefault:1]]
LogConfig: Setting CVar [[r.setres:1280x720]]
[2023.09.21-17.46.27:187][  0]LogConfig: Setting CVar [[r.VSync:0]]
[2023.09.21-17.46.27:187][  0]LogConfig: Setting CVar [[r.RHICmdBypass:0]]
[2023.09.21-17.46.27:187][  0]LogConfig: Applying CVar settings from Section [/Script/Engine.RendererSettings] File [D:/Unreal Projects/Abstraction/Saved/Config/Windows/Engine.ini]
[2023.09.21-17.46.27:187][  0]LogConfig: Setting CVar [[r.GPUCrashDebugging:0]]
[2023.09.21-17.46.27:187][  0]LogConfig: Applying CVar settings from Section [/Script/Engine.RendererOverrideSettings] File [D:/Unreal Projects/Abstraction/Saved/Config/Windows/Engine.ini]
[2023.09.21-17.46.27:187][  0]LogConfig: Applying CVar settings from Section [/Script/Engine.StreamingSettings] File [D:/Unreal Projects/Abstraction/Saved/Config/Windows/Engine.ini]
[2023.09.21-17.46.27:188][  0]LogConfig: Setting CVar [[s.MinBulkDataSizeForAsyncLoading:131072]]
[2023.09.21-17.46.27:188][  0]LogConfig: Setting CVar [[s.AsyncLoadingThreadEnabled:0]]
[2023.09.21-17.46.27:188][  0]LogConfig: Setting CVar [[s.EventDrivenLoaderEnabled:1]]
[2023.09.21-17.46.27:188][  0]LogConfig: Setting CVar [[s.WarnIfTimeLimitExceeded:0]]
[2023.09.21-17.46.27:188][  0]LogConfig: Setting CVar [[s.TimeLimitExceededMultiplier:1.5]]
[2023.09.21-17.46.27:188][  0]LogConfig: Setting CVar [[s.TimeLimitExceededMinTime:0.005]]
[2023.09.21-17.46.27:188][  0]LogConfig: Setting CVar [[s.UseBackgroundLevelStreaming:1]]
[2023.09.21-17.46.27:188][  0]LogConfig: Setting CVar [[s.PriorityAsyncLoadingExtraTime:15.0]]
[2023.09.21-17.46.27:188][  0]LogConfig: Setting CVar [[s.LevelStreamingActorsUpdateTimeLimit:5.0]]
[2023.09.21-17.46.27:188][  0]LogConfig: Setting CVar [[s.PriorityLevelStreamingActorsUpdateExtraTime:5.0]]
[2023.09.21-17.46.27:188][  0]LogConfig: Setting CVar [[s.LevelStreamingComponentsRegistrationGranularity:10]]
[2023.09.21-17.46.27:188][  0]LogConfig: Setting CVar [[s.UnregisterComponentsTimeLimit:1.0]]
[2023.09.21-17.46.27:188][  0]LogConfig: Setting CVar [[s.LevelStreamingComponentsUnregistrationGranularity:5]]
[2023.09.21-17.46.27:188][  0]LogConfig: Setting CVar [[s.FlushStreamingOnExit:1]]
[2023.09.21-17.46.27:188][  0]LogConfig: Applying CVar settings from Section [/Script/Engine.GarbageCollectionSettings] File [D:/Unreal Projects/Abstraction/Saved/Config/Windows/Engine.ini]
[2023.09.21-17.46.27:188][  0]LogConfig: Setting CVar [[gc.MaxObjectsNotConsideredByGC:1]]
[2023.09.21-17.46.27:188][  0]LogConfig: Setting CVar [[gc.SizeOfPermanentObjectPool:0]]
[2023.09.21-17.46.27:188][  0]LogConfig: Setting CVar [[gc.FlushStreamingOnGC:0]]
[2023.09.21-17.46.27:188][  0]LogConfig: Setting CVar [[gc.NumRetriesBeforeForcingGC:10]]
[2023.09.21-17.46.27:188][  0]LogConfig: Setting CVar [[gc.AllowParallelGC:1]]
[2023.09.21-17.46.27:188][  0]LogConfig: Setting CVar [[gc.TimeBetweenPurgingPendingKillObjects:61.1]]
[2023.09.21-17.46.27:188][  0]LogConfig: Setting CVar [[gc.MaxObjectsInEditor:25165824]]
[2023.09.21-17.46.27:188][  0]LogConfig: Setting CVar [[gc.IncrementalBeginDestroyEnabled:1]]
[2023.09.21-17.46.27:188][  0]LogConfig: Setting CVar [[gc.CreateGCClusters:1]]
[2023.09.21-17.46.27:188][  0]LogConfig: Setting CVar [[gc.MinGCClusterSize:5]]
[2023.09.21-17.46.27:188][  0]LogConfig: Setting CVar [[gc.ActorClusteringEnabled:0]]
[2023.09.21-17.46.27:188][  0]LogConfig: Setting CVar [[gc.BlueprintClusteringEnabled:0]]
[2023.09.21-17.46.27:188][  0]LogConfig: Setting CVar [[gc.UseDisregardForGCOnDedicatedServers:0]]
[2023.09.21-17.46.27:188][  0]LogConfig: Applying CVar settings from Section [/Script/Engine.NetworkSettings] File [D:/Unreal Projects/Abstraction/Saved/Config/Windows/Engine.ini]
[2023.09.21-17.46.27:188][  0]LogConfig: Applying CVar settings from Section [/Script/UnrealEd.CookerSettings] File [D:/Unreal Projects/Abstraction/Saved/Config/Windows/Engine.ini]
[2023.09.21-17.46.27:194][  0]LogConfig: Applying CVar settings from Section [ViewDistanceQuality@3] File [D:/Unreal Projects/Abstraction/Saved/Config/Windows/Scalability.ini]
[2023.09.21-17.46.27:194][  0]LogConfig: Setting CVar [[r.SkeletalMeshLODBias:0]]
[2023.09.21-17.46.27:194][  0]LogConfig: Setting CVar [[r.ViewDistanceScale:1.0]]
[2023.09.21-17.46.27:194][  0]LogConfig: Applying CVar settings from Section [AntiAliasingQuality@3] File [D:/Unreal Projects/Abstraction/Saved/Config/Windows/Scalability.ini]
[2023.09.21-17.46.27:194][  0]LogConfig: Setting CVar [[r.PostProcessAAQuality:4]]
[2023.09.21-17.46.27:194][  0]LogConfig: Applying CVar settings from Section [ShadowQuality@3] File [D:/Unreal Projects/Abstraction/Saved/Config/Windows/Scalability.ini]
[2023.09.21-17.46.27:194][  0]LogConfig: Setting CVar [[r.LightFunctionQuality:1]]
[2023.09.21-17.46.27:194][  0]LogConfig: Setting CVar [[r.ShadowQuality:5]]
[2023.09.21-17.46.27:194][  0]LogConfig: Setting CVar [[r.Shadow.CSM.MaxCascades:10]]
[2023.09.21-17.46.27:194][  0]LogConfig: Setting CVar [[r.Shadow.MaxResolution:2048]]
[2023.09.21-17.46.27:194][  0]LogConfig: Setting CVar [[r.Shadow.MaxCSMResolution:2048]]
[2023.09.21-17.46.27:194][  0]LogConfig: Setting CVar [[r.Shadow.RadiusThreshold:0.01]]
[2023.09.21-17.46.27:194][  0]LogConfig: Setting CVar [[r.Shadow.DistanceScale:1.0]]
[2023.09.21-17.46.27:194][  0]LogConfig: Setting CVar [[r.Shadow.CSM.TransitionScale:1.0]]
[2023.09.21-17.46.27:195][  0]LogConfig: Setting CVar [[r.Shadow.PreShadowResolutionFactor:1.0]]
[2023.09.21-17.46.27:195][  0]LogConfig: Setting CVar [[r.DistanceFieldShadowing:1]]
[2023.09.21-17.46.27:195][  0]LogConfig: Setting CVar [[r.DistanceFieldAO:1]]
[2023.09.21-17.46.27:195][  0]LogConfig: Setting CVar [[r.AOQuality:2]]
[2023.09.21-17.46.27:195][  0]LogConfig: Setting CVar [[r.VolumetricFog:1]]
[2023.09.21-17.46.27:195][  0]LogConfig: Setting CVar [[r.VolumetricFog.GridPixelSize:8]]
[2023.09.21-17.46.27:195][  0]LogConfig: Setting CVar [[r.VolumetricFog.GridSizeZ:128]]
[2023.09.21-17.46.27:195][  0]LogConfig: Setting CVar [[r.VolumetricFog.HistoryMissSupersampleCount:4]]
[2023.09.21-17.46.27:195][  0]LogConfig: Setting CVar [[r.LightMaxDrawDistanceScale:1]]
[2023.09.21-17.46.27:195][  0]LogConfig: Setting CVar [[r.CapsuleShadows:1]]
[2023.09.21-17.46.27:195][  0]LogConfig: Applying CVar settings from Section [PostProcessQuality@3] File [D:/Unreal Projects/Abstraction/Saved/Config/Windows/Scalability.ini]
[2023.09.21-17.46.27:195][  0]LogConfig: Setting CVar [[r.MotionBlurQuality:4]]
[2023.09.21-17.46.27:195][  0]LogConfig: Setting CVar [[r.AmbientOcclusionMipLevelFactor:0.4]]
[2023.09.21-17.46.27:195][  0]LogConfig: Setting CVar [[r.AmbientOcclusionMaxQuality:100]]
[2023.09.21-17.46.27:195][  0]LogConfig: Setting CVar [[r.AmbientOcclusionLevels:-1]]
[2023.09.21-17.46.27:195][  0]LogConfig: Setting CVar [[r.AmbientOcclusionRadiusScale:1.0]]
[2023.09.21-17.46.27:195][  0]LogConfig: Setting CVar [[r.DepthOfFieldQuality:2]]
[2023.09.21-17.46.27:195][  0]LogConfig: Setting CVar [[r.RenderTargetPoolMin:400]]
[2023.09.21-17.46.27:195][  0]LogConfig: Setting CVar [[r.LensFlareQuality:2]]
[2023.09.21-17.46.27:195][  0]LogConfig: Setting CVar [[r.SceneColorFringeQuality:1]]
[2023.09.21-17.46.27:195][  0]LogConfig: Setting CVar [[r.EyeAdaptationQuality:2]]
[2023.09.21-17.46.27:195][  0]LogConfig: Setting CVar [[r.BloomQuality:5]]
[2023.09.21-17.46.27:195][  0]LogConfig: Setting CVar [[r.FastBlurThreshold:100]]
[2023.09.21-17.46.27:195][  0]LogConfig: Setting CVar [[r.Upscale.Quality:3]]
[2023.09.21-17.46.27:195][  0]LogConfig: Setting CVar [[r.Tonemapper.GrainQuantization:1]]
[2023.09.21-17.46.27:195][  0]LogConfig: Setting CVar [[r.LightShaftQuality:1]]
[2023.09.21-17.46.27:195][  0]LogConfig: Setting CVar [[r.Filter.SizeScale:1]]
[2023.09.21-17.46.27:195][  0]LogConfig: Setting CVar [[r.Tonemapper.Quality:5]]
[2023.09.21-17.46.27:195][  0]LogConfig: Setting CVar [[r.DOF.Gather.AccumulatorQuality:1        ; higher gathering accumulator quality]]
[2023.09.21-17.46.27:195][  0]LogConfig: Setting CVar [[r.DOF.Gather.PostfilterMethod:1          ; Median3x3 postfilering method]]
[2023.09.21-17.46.27:196][  0]LogConfig: Setting CVar [[r.DOF.Gather.EnableBokehSettings:0       ; no bokeh simulation when gathering]]
[2023.09.21-17.46.27:196][  0]LogConfig: Setting CVar [[r.DOF.Gather.RingCount:4                 ; medium number of samples when gathering]]
[2023.09.21-17.46.27:196][  0]LogConfig: Setting CVar [[r.DOF.Scatter.ForegroundCompositing:1    ; additive foreground scattering]]
[2023.09.21-17.46.27:196][  0]LogConfig: Setting CVar [[r.DOF.Scatter.BackgroundCompositing:2    ; additive background scattering]]
[2023.09.21-17.46.27:196][  0]LogConfig: Setting CVar [[r.DOF.Scatter.EnableBokehSettings:1      ; bokeh simulation when scattering]]
[2023.09.21-17.46.27:196][  0]LogConfig: Setting CVar [[r.DOF.Scatter.MaxSpriteRatio:0.1         ; only a maximum of 10% of scattered bokeh]]
[2023.09.21-17.46.27:196][  0]LogConfig: Setting CVar [[r.DOF.Recombine.Quality:1                ; cheap slight out of focus]]
[2023.09.21-17.46.27:196][  0]LogConfig: Setting CVar [[r.DOF.Recombine.EnableBokehSettings:0    ; no bokeh simulation on slight out of focus]]
[2023.09.21-17.46.27:196][  0]LogConfig: Setting CVar [[r.DOF.TemporalAAQuality:1                ; more stable temporal accumulation]]
[2023.09.21-17.46.27:196][  0]LogConfig: Setting CVar [[r.DOF.Kernel.MaxForegroundRadius:0.025]]
[2023.09.21-17.46.27:196][  0]LogConfig: Setting CVar [[r.DOF.Kernel.MaxBackgroundRadius:0.025]]
[2023.09.21-17.46.27:196][  0]LogConfig: Applying CVar settings from Section [TextureQuality@3] File [D:/Unreal Projects/Abstraction/Saved/Config/Windows/Scalability.ini]
[2023.09.21-17.46.27:196][  0]LogConfig: Setting CVar [[r.Streaming.MipBias:0]]
[2023.09.21-17.46.27:196][  0]LogConfig: Setting CVar [[r.Streaming.AmortizeCPUToGPUCopy:0]]
[2023.09.21-17.46.27:196][  0]LogConfig: Setting CVar [[r.Streaming.MaxNumTexturesToStreamPerFrame:0]]
[2023.09.21-17.46.27:196][  0]LogConfig: Setting CVar [[r.Streaming.Boost:1]]
[2023.09.21-17.46.27:196][  0]LogConfig: Setting CVar [[r.MaxAnisotropy:8]]
[2023.09.21-17.46.27:196][  0]LogConfig: Setting CVar [[r.VT.MaxAnisotropy:8]]
[2023.09.21-17.46.27:196][  0]LogConfig: Setting CVar [[r.Streaming.LimitPoolSizeToVRAM:0]]
[2023.09.21-17.46.27:196][  0]LogConfig: Setting CVar [[r.Streaming.PoolSize:1000]]
[2023.09.21-17.46.27:196][  0]LogConfig: Setting CVar [[r.Streaming.MaxEffectiveScreenSize:0]]
[2023.09.21-17.46.27:196][  0]LogConfig: Applying CVar settings from Section [EffectsQuality@3] File [D:/Unreal Projects/Abstraction/Saved/Config/Windows/Scalability.ini]
[2023.09.21-17.46.27:196][  0]LogConfig: Setting CVar [[r.TranslucencyLightingVolumeDim:64]]
[2023.09.21-17.46.27:196][  0]LogConfig: Setting CVar [[r.RefractionQuality:2]]
[2023.09.21-17.46.27:196][  0]LogConfig: Setting CVar [[r.SSR.Quality:3]]
[2023.09.21-17.46.27:196][  0]LogConfig: Setting CVar [[r.SSR.HalfResSceneColor:0]]
[2023.09.21-17.46.27:196][  0]LogConfig: Setting CVar [[r.SceneColorFormat:4]]
[2023.09.21-17.46.27:196][  0]LogConfig: Setting CVar [[r.DetailMode:2]]
[2023.09.21-17.46.27:196][  0]LogConfig: Setting CVar [[r.TranslucencyVolumeBlur:1]]
[2023.09.21-17.46.27:196][  0]LogConfig: Setting CVar [[r.MaterialQualityLevel:1 ; High quality]]
[2023.09.21-17.46.27:196][  0]LogConfig: Setting CVar [[r.SSS.Scale:1]]
[2023.09.21-17.46.27:197][  0]LogConfig: Setting CVar [[r.SSS.SampleSet:2]]
[2023.09.21-17.46.27:197][  0]LogConfig: Setting CVar [[r.SSS.Quality:1]]
[2023.09.21-17.46.27:197][  0]LogConfig: Setting CVar [[r.SSS.HalfRes:0]]
[2023.09.21-17.46.27:197][  0]LogConfig: Setting CVar [[r.SSGI.Quality:3]]
[2023.09.21-17.46.27:197][  0]LogConfig: Setting CVar [[r.EmitterSpawnRateScale:1.0]]
[2023.09.21-17.46.27:197][  0]LogConfig: Setting CVar [[r.ParticleLightQuality:2]]
[2023.09.21-17.46.27:197][  0]LogConfig: Setting CVar [[r.SkyAtmosphere.AerialPerspectiveLUT.FastApplyOnOpaque:1 ; Always have FastSkyLUT 1 in this case to avoid wrong sky]]
[2023.09.21-17.46.27:197][  0]LogConfig: Setting CVar [[r.SkyAtmosphere.AerialPerspectiveLUT.SampleCountPerSlice:1]]
[2023.09.21-17.46.27:197][  0]LogConfig: Setting CVar [[r.SkyAtmosphere.AerialPerspectiveLUT.DepthResolution:16.0]]
[2023.09.21-17.46.27:197][  0]LogConfig: Setting CVar [[r.SkyAtmosphere.FastSkyLUT:1]]
[2023.09.21-17.46.27:197][  0]LogConfig: Setting CVar [[r.SkyAtmosphere.FastSkyLUT.SampleCountMin:4.0]]
[2023.09.21-17.46.27:197][  0]LogConfig: Setting CVar [[r.SkyAtmosphere.FastSkyLUT.SampleCountMax:32.0]]
[2023.09.21-17.46.27:197][  0]LogConfig: Setting CVar [[r.SkyAtmosphere.SampleCountMin:4.0]]
[2023.09.21-17.46.27:197][  0]LogConfig: Setting CVar [[r.SkyAtmosphere.SampleCountMax:32.0]]
[2023.09.21-17.46.27:197][  0]LogConfig: Setting CVar [[r.SkyAtmosphere.TransmittanceLUT.UseSmallFormat:0]]
[2023.09.21-17.46.27:197][  0]LogConfig: Setting CVar [[r.SkyAtmosphere.TransmittanceLUT.SampleCount:10.0]]
[2023.09.21-17.46.27:197][  0]LogConfig: Setting CVar [[r.SkyAtmosphere.MultiScatteringLUT.SampleCount:15.0]]
[2023.09.21-17.46.27:197][  0]LogConfig: Applying CVar settings from Section [FoliageQuality@3] File [D:/Unreal Projects/Abstraction/Saved/Config/Windows/Scalability.ini]
[2023.09.21-17.46.27:197][  0]LogConfig: Setting CVar [[foliage.DensityScale:1.0]]
[2023.09.21-17.46.27:197][  0]LogConfig: Setting CVar [[grass.DensityScale:1.0]]
[2023.09.21-17.46.27:197][  0]LogConfig: Applying CVar settings from Section [ShadingQuality@3] File [D:/Unreal Projects/Abstraction/Saved/Config/Windows/Scalability.ini]
[2023.09.21-17.46.27:197][  0]LogConfig: Setting CVar [[r.HairStrands.SkyLighting.SampleCount:16]]
[2023.09.21-17.46.27:197][  0]LogConfig: Setting CVar [[r.HairStrands.SkyLighting.JitterIntegration:0]]
[2023.09.21-17.46.27:197][  0]LogConfig: Setting CVar [[r.HairStrands.SkyAO.SampleCount:16]]
[2023.09.21-17.46.27:197][  0]LogConfig: Setting CVar [[r.HairStrands.DeepShadow.SuperSampling:0]]
[2023.09.21-17.46.27:197][  0]LogConfig: Setting CVar [[r.HairStrands.VisibilityPPLL:0]]
[2023.09.21-17.46.27:197][  0]LogConfig: Setting CVar [[r.HairStrands.RasterizationScale:0.5]]
[2023.09.21-17.46.27:197][  0]LogConfig: Setting CVar [[r.HairStrands.VelocityRasterizationScale:1]]
[2023.09.21-17.46.27:197][  0]LogInit: Selected Device Profile: [Windows]
[2023.09.21-17.46.27:197][  0]LogInit: Applying CVar settings loaded from the selected device profile: [Windows]
[2023.09.21-17.46.27:198][  0]LogHAL: Display: Platform has ~ 32 GB [34252378112 / 34359738368 / 32], which maps to Largest [LargestMinGB=32, LargerMinGB=12, DefaultMinGB=8, SmallerMinGB=6, SmallestMinGB=0)
[2023.09.21-17.46.27:198][  0]LogInit: Going up to parent DeviceProfile []
[2023.09.21-17.46.27:198][  0]LogConfig: Applying CVar settings from Section [ViewDistanceQuality@3] File [D:/Unreal Projects/Abstraction/Saved/Config/Windows/Scalability.ini]
[2023.09.21-17.46.27:198][  0]LogConfig: Setting CVar [[r.SkeletalMeshLODBias:0]]
[2023.09.21-17.46.27:198][  0]LogConfig: Setting CVar [[r.ViewDistanceScale:1.0]]
[2023.09.21-17.46.27:198][  0]LogConfig: Applying CVar settings from Section [AntiAliasingQuality@3] File [D:/Unreal Projects/Abstraction/Saved/Config/Windows/Scalability.ini]
[2023.09.21-17.46.27:198][  0]LogConfig: Setting CVar [[r.PostProcessAAQuality:4]]
[2023.09.21-17.46.27:198][  0]LogConfig: Applying CVar settings from Section [ShadowQuality@3] File [D:/Unreal Projects/Abstraction/Saved/Config/Windows/Scalability.ini]
[2023.09.21-17.46.27:198][  0]LogConfig: Setting CVar [[r.LightFunctionQuality:1]]
[2023.09.21-17.46.27:198][  0]LogConfig: Setting CVar [[r.ShadowQuality:5]]
[2023.09.21-17.46.27:198][  0]LogConfig: Setting CVar [[r.Shadow.CSM.MaxCascades:10]]
[2023.09.21-17.46.27:198][  0]LogConfig: Setting CVar [[r.Shadow.MaxResolution:2048]]
[2023.09.21-17.46.27:198][  0]LogConfig: Setting CVar [[r.Shadow.MaxCSMResolution:2048]]
[2023.09.21-17.46.27:198][  0]LogConfig: Setting CVar [[r.Shadow.RadiusThreshold:0.01]]
[2023.09.21-17.46.27:198][  0]LogConfig: Setting CVar [[r.Shadow.DistanceScale:1.0]]
[2023.09.21-17.46.27:198][  0]LogConfig: Setting CVar [[r.Shadow.CSM.TransitionScale:1.0]]
[2023.09.21-17.46.27:198][  0]LogConfig: Setting CVar [[r.Shadow.PreShadowResolutionFactor:1.0]]
[2023.09.21-17.46.27:198][  0]LogConfig: Setting CVar [[r.DistanceFieldShadowing:1]]
[2023.09.21-17.46.27:198][  0]LogConfig: Setting CVar [[r.DistanceFieldAO:1]]
[2023.09.21-17.46.27:198][  0]LogConfig: Setting CVar [[r.AOQuality:2]]
[2023.09.21-17.46.27:198][  0]LogConfig: Setting CVar [[r.VolumetricFog:1]]
[2023.09.21-17.46.27:198][  0]LogConfig: Setting CVar [[r.VolumetricFog.GridPixelSize:8]]
[2023.09.21-17.46.27:198][  0]LogConfig: Setting CVar [[r.VolumetricFog.GridSizeZ:128]]
[2023.09.21-17.46.27:198][  0]LogConfig: Setting CVar [[r.VolumetricFog.HistoryMissSupersampleCount:4]]
[2023.09.21-17.46.27:198][  0]LogConfig: Setting CVar [[r.LightMaxDrawDistanceScale:1]]
[2023.09.21-17.46.27:198][  0]LogConfig: Setting CVar [[r.CapsuleShadows:1]]
[2023.09.21-17.46.27:198][  0]LogConfig: Applying CVar settings from Section [PostProcessQuality@3] File [D:/Unreal Projects/Abstraction/Saved/Config/Windows/Scalability.ini]
[2023.09.21-17.46.27:198][  0]LogConfig: Setting CVar [[r.MotionBlurQuality:4]]
[2023.09.21-17.46.27:198][  0]LogConfig: Setting CVar [[r.AmbientOcclusionMipLevelFactor:0.4]]
[2023.09.21-17.46.27:198][  0]LogConfig: Setting CVar [[r.AmbientOcclusionMaxQuality:100]]
[2023.09.21-17.46.27:198][  0]LogConfig: Setting CVar [[r.AmbientOcclusionLevels:-1]]
[2023.09.21-17.46.27:199][  0]LogConfig: Setting CVar [[r.AmbientOcclusionRadiusScale:1.0]]
[2023.09.21-17.46.27:199][  0]LogConfig: Setting CVar [[r.DepthOfFieldQuality:2]]
[2023.09.21-17.46.27:199][  0]LogConfig: Setting CVar [[r.RenderTargetPoolMin:400]]
[2023.09.21-17.46.27:199][  0]LogConfig: Setting CVar [[r.LensFlareQuality:2]]
[2023.09.21-17.46.27:199][  0]LogConfig: Setting CVar [[r.SceneColorFringeQuality:1]]
[2023.09.21-17.46.27:199][  0]LogConfig: Setting CVar [[r.EyeAdaptationQuality:2]]
[2023.09.21-17.46.27:199][  0]LogConfig: Setting CVar [[r.BloomQuality:5]]
[2023.09.21-17.46.27:199][  0]LogConfig: Setting CVar [[r.FastBlurThreshold:100]]
[2023.09.21-17.46.27:199][  0]LogConfig: Setting CVar [[r.Upscale.Quality:3]]
[2023.09.21-17.46.27:199][  0]LogConfig: Setting CVar [[r.Tonemapper.GrainQuantization:1]]
[2023.09.21-17.46.27:199][  0]LogConfig: Setting CVar [[r.LightShaftQuality:1]]
[2023.09.21-17.46.27:199][  0]LogConfig: Setting CVar [[r.Filter.SizeScale:1]]
[2023.09.21-17.46.27:199][  0]LogConfig: Setting CVar [[r.Tonemapper.Quality:5]]
[2023.09.21-17.46.27:199][  0]LogConfig: Setting CVar [[r.DOF.Gather.AccumulatorQuality:1        ; higher gathering accumulator quality]]
[2023.09.21-17.46.27:199][  0]LogConfig: Setting CVar [[r.DOF.Gather.PostfilterMethod:1          ; Median3x3 postfilering method]]
[2023.09.21-17.46.27:199][  0]LogConfig: Setting CVar [[r.DOF.Gather.EnableBokehSettings:0       ; no bokeh simulation when gathering]]
[2023.09.21-17.46.27:199][  0]LogConfig: Setting CVar [[r.DOF.Gather.RingCount:4                 ; medium number of samples when gathering]]
[2023.09.21-17.46.27:199][  0]LogConfig: Setting CVar [[r.DOF.Scatter.ForegroundCompositing:1    ; additive foreground scattering]]
[2023.09.21-17.46.27:199][  0]LogConfig: Setting CVar [[r.DOF.Scatter.BackgroundCompositing:2    ; additive background scattering]]
[2023.09.21-17.46.27:199][  0]LogConfig: Setting CVar [[r.DOF.Scatter.EnableBokehSettings:1      ; bokeh simulation when scattering]]
[2023.09.21-17.46.27:199][  0]LogConfig: Setting CVar [[r.DOF.Scatter.MaxSpriteRatio:0.1         ; only a maximum of 10% of scattered bokeh]]
[2023.09.21-17.46.27:199][  0]LogConfig: Setting CVar [[r.DOF.Recombine.Quality:1                ; cheap slight out of focus]]
[2023.09.21-17.46.27:199][  0]LogConfig: Setting CVar [[r.DOF.Recombine.EnableBokehSettings:0    ; no bokeh simulation on slight out of focus]]
[2023.09.21-17.46.27:199][  0]LogConfig: Setting CVar [[r.DOF.TemporalAAQuality:1                ; more stable temporal accumulation]]
[2023.09.21-17.46.27:199][  0]LogConfig: Setting CVar [[r.DOF.Kernel.MaxForegroundRadius:0.025]]
[2023.09.21-17.46.27:199][  0]LogConfig: Setting CVar [[r.DOF.Kernel.MaxBackgroundRadius:0.025]]
[2023.09.21-17.46.27:199][  0]LogConfig: Applying CVar settings from Section [TextureQuality@3] File [D:/Unreal Projects/Abstraction/Saved/Config/Windows/Scalability.ini]
[2023.09.21-17.46.27:199][  0]LogConfig: Setting CVar [[r.Streaming.MipBias:0]]
[2023.09.21-17.46.27:199][  0]LogConfig: Setting CVar [[r.Streaming.AmortizeCPUToGPUCopy:0]]
[2023.09.21-17.46.27:199][  0]LogConfig: Setting CVar [[r.Streaming.MaxNumTexturesToStreamPerFrame:0]]
[2023.09.21-17.46.27:200][  0]LogConfig: Setting CVar [[r.Streaming.Boost:1]]
[2023.09.21-17.46.27:200][  0]LogConfig: Setting CVar [[r.MaxAnisotropy:8]]
[2023.09.21-17.46.27:200][  0]LogConfig: Setting CVar [[r.VT.MaxAnisotropy:8]]
[2023.09.21-17.46.27:200][  0]LogConfig: Setting CVar [[r.Streaming.LimitPoolSizeToVRAM:0]]
[2023.09.21-17.46.27:200][  0]LogConfig: Setting CVar [[r.Streaming.PoolSize:1000]]
[2023.09.21-17.46.27:200][  0]LogConfig: Setting CVar [[r.Streaming.MaxEffectiveScreenSize:0]]
[2023.09.21-17.46.27:200][  0]LogConfig: Applying CVar settings from Section [EffectsQuality@3] File [D:/Unreal Projects/Abstraction/Saved/Config/Windows/Scalability.ini]
[2023.09.21-17.46.27:200][  0]LogConfig: Setting CVar [[r.TranslucencyLightingVolumeDim:64]]
[2023.09.21-17.46.27:200][  0]LogConfig: Setting CVar [[r.RefractionQuality:2]]
[2023.09.21-17.46.27:200][  0]LogConfig: Setting CVar [[r.SSR.Quality:3]]
[2023.09.21-17.46.27:200][  0]LogConfig: Setting CVar [[r.SSR.HalfResSceneColor:0]]
[2023.09.21-17.46.27:200][  0]LogConfig: Setting CVar [[r.SceneColorFormat:4]]
[2023.09.21-17.46.27:200][  0]LogConfig: Setting CVar [[r.DetailMode:2]]
[2023.09.21-17.46.27:200][  0]LogConfig: Setting CVar [[r.TranslucencyVolumeBlur:1]]
[2023.09.21-17.46.27:200][  0]LogConfig: Setting CVar [[r.MaterialQualityLevel:1 ; High quality]]
[2023.09.21-17.46.27:200][  0]LogConfig: Setting CVar [[r.SSS.Scale:1]]
[2023.09.21-17.46.27:200][  0]LogConfig: Setting CVar [[r.SSS.SampleSet:2]]
[2023.09.21-17.46.27:200][  0]LogConfig: Setting CVar [[r.SSS.Quality:1]]
[2023.09.21-17.46.27:200][  0]LogConfig: Setting CVar [[r.SSS.HalfRes:0]]
[2023.09.21-17.46.27:200][  0]LogConfig: Setting CVar [[r.SSGI.Quality:3]]
[2023.09.21-17.46.27:200][  0]LogConfig: Setting CVar [[r.EmitterSpawnRateScale:1.0]]
[2023.09.21-17.46.27:200][  0]LogConfig: Setting CVar [[r.ParticleLightQuality:2]]
[2023.09.21-17.46.27:200][  0]LogConfig: Setting CVar [[r.SkyAtmosphere.AerialPerspectiveLUT.FastApplyOnOpaque:1 ; Always have FastSkyLUT 1 in this case to avoid wrong sky]]
[2023.09.21-17.46.27:200][  0]LogConfig: Setting CVar [[r.SkyAtmosphere.AerialPerspectiveLUT.SampleCountPerSlice:1]]
[2023.09.21-17.46.27:200][  0]LogConfig: Setting CVar [[r.SkyAtmosphere.AerialPerspectiveLUT.DepthResolution:16.0]]
[2023.09.21-17.46.27:200][  0]LogConfig: Setting CVar [[r.SkyAtmosphere.FastSkyLUT:1]]
[2023.09.21-17.46.27:200][  0]LogConfig: Setting CVar [[r.SkyAtmosphere.FastSkyLUT.SampleCountMin:4.0]]
[2023.09.21-17.46.27:200][  0]LogConfig: Setting CVar [[r.SkyAtmosphere.FastSkyLUT.SampleCountMax:32.0]]
[2023.09.21-17.46.27:200][  0]LogConfig: Setting CVar [[r.SkyAtmosphere.SampleCountMin:4.0]]
[2023.09.21-17.46.27:200][  0]LogConfig: Setting CVar [[r.SkyAtmosphere.SampleCountMax:32.0]]
[2023.09.21-17.46.27:200][  0]LogConfig: Setting CVar [[r.SkyAtmosphere.TransmittanceLUT.UseSmallFormat:0]]
[2023.09.21-17.46.27:200][  0]LogConfig: Setting CVar [[r.SkyAtmosphere.TransmittanceLUT.SampleCount:10.0]]
[2023.09.21-17.46.27:200][  0]LogConfig: Setting CVar [[r.SkyAtmosphere.MultiScatteringLUT.SampleCount:15.0]]
[2023.09.21-17.46.27:201][  0]LogConfig: Applying CVar settings from Section [FoliageQuality@3] File [D:/Unreal Projects/Abstraction/Saved/Config/Windows/Scalability.ini]
[2023.09.21-17.46.27:201][  0]LogConfig: Setting CVar [[foliage.DensityScale:1.0]]
[2023.09.21-17.46.27:201][  0]LogConfig: Setting CVar [[grass.DensityScale:1.0]]
[2023.09.21-17.46.27:201][  0]LogConfig: Applying CVar settings from Section [ShadingQuality@3] File [D:/Unreal Projects/Abstraction/Saved/Config/Windows/Scalability.ini]
[2023.09.21-17.46.27:201][  0]LogConfig: Setting CVar [[r.HairStrands.SkyLighting.SampleCount:16]]
[2023.09.21-17.46.27:201][  0]LogConfig: Setting CVar [[r.HairStrands.SkyLighting.JitterIntegration:0]]
[2023.09.21-17.46.27:201][  0]LogConfig: Setting CVar [[r.HairStrands.SkyAO.SampleCount:16]]
[2023.09.21-17.46.27:201][  0]LogConfig: Setting CVar [[r.HairStrands.DeepShadow.SuperSampling:0]]
[2023.09.21-17.46.27:201][  0]LogConfig: Setting CVar [[r.HairStrands.VisibilityPPLL:0]]
[2023.09.21-17.46.27:201][  0]LogConfig: Setting CVar [[r.HairStrands.RasterizationScale:0.5]]
[2023.09.21-17.46.27:201][  0]LogConfig: Setting CVar [[r.HairStrands.VelocityRasterizationScale:1]]
[2023.09.21-17.46.27:201][  0]LogConfig: Applying CVar settings from Section [Startup] File [../../../Engine/Config/ConsoleVariables.ini]
[2023.09.21-17.46.27:201][  0]LogConfig: Setting CVar [[net.UseAdaptiveNetUpdateFrequency:0]]
[2023.09.21-17.46.27:201][  0]LogConfig: Setting CVar [[p.chaos.AllowCreatePhysxBodies:1]]
[2023.09.21-17.46.27:201][  0]LogConfig: Setting CVar [[fx.SkipVectorVMBackendOptimizations:1]]
[2023.09.21-17.46.27:201][  0]LogConfig: Applying CVar settings from Section [ConsoleVariables] File [D:/Unreal Projects/Abstraction/Saved/Config/Windows/Engine.ini]
[2023.09.21-17.46.27:201][  0]LogInit: Computer: DESKTOP-3H3FMC2
[2023.09.21-17.46.27:201][  0]LogInit: User: MatthewLowe
[2023.09.21-17.46.27:201][  0]LogInit: CPU Page size=4096, Cores=8
[2023.09.21-17.46.27:201][  0]LogInit: High frequency timer resolution =10.000000 MHz
[2023.09.21-17.46.27:202][  0]LogMemory: Memory total: Physical=31.9GB (32GB approx)
[2023.09.21-17.46.27:202][  0]LogMemory: Platform Memory Stats for Windows
[2023.09.21-17.46.27:202][  0]LogMemory: Process Physical Memory: 117.45 MB used, 117.45 MB peak
[2023.09.21-17.46.27:202][  0]LogMemory: Process Virtual Memory: 98.18 MB used, 98.18 MB peak
[2023.09.21-17.46.27:202][  0]LogMemory: Physical Memory: 14906.28 MB used,  17759.34 MB free, 32665.61 MB total
[2023.09.21-17.46.27:202][  0]LogMemory: Virtual Memory: 5187.09 MB used,  134212544.00 MB free, 134217728.00 MB total
[2023.09.21-17.46.27:440][  0]LogWindows: WindowsPlatformFeatures enabled
[2023.09.21-17.46.27:591][  0]LogInit: Physics initialised using underlying interface: PhysX
[2023.09.21-17.46.27:592][  0]LogInit: Using OS detected language (en-GB).
[2023.09.21-17.46.27:592][  0]LogInit: Using OS detected locale (en-GB).
[2023.09.21-17.46.27:593][  0]LogTextLocalizationManager: No specific localization for 'en-GB' exists, so the 'en' localization will be used.
[2023.09.21-17.46.27:705][  0]LogInit: Setting process to per monitor DPI aware
[2023.09.21-17.46.27:750][  0]LogSlate: New Slate User Created.  User Index 0, Is Virtual User: 0
[2023.09.21-17.46.27:750][  0]LogSlate: Slate User Registered.  User Index 0, Is Virtual User: 0
[2023.09.21-17.46.27:887][  0]LogHMD: Failed to initialize OpenVR with code 110
[2023.09.21-17.46.27:887][  0]LogD3D11RHI: D3D11 min allowed feature level: 11_0
[2023.09.21-17.46.27:887][  0]LogD3D11RHI: D3D11 max allowed feature level: 11_0
[2023.09.21-17.46.27:887][  0]LogD3D11RHI: D3D11 adapters:
[2023.09.21-17.46.28:028][  0]LogD3D11RHI:    0. 'NVIDIA GeForce RTX 3080 Ti' (Feature Level 11_0)
[2023.09.21-17.46.28:028][  0]LogD3D11RHI:       12100/0/16332 MB DedicatedVideo/DedicatedSystem/SharedSystem, Outputs:2, VendorId:0x10de
[2023.09.21-17.46.28:033][  0]LogD3D11RHI:    1. 'Microsoft Basic Render Driver' (Feature Level 11_0)
[2023.09.21-17.46.28:033][  0]LogD3D11RHI:       0/0/16332 MB DedicatedVideo/DedicatedSystem/SharedSystem, Outputs:0, VendorId:0x1414
[2023.09.21-17.46.28:033][  0]LogD3D11RHI: Chosen D3D11 Adapter: 0
[2023.09.21-17.46.28:039][  0]LogD3D11RHI: Creating new Direct3DDevice
[2023.09.21-17.46.28:040][  0]LogD3D11RHI:     GPU DeviceId: 0x2208 (for the marketing name, search the web for "GPU Device Id")
[2023.09.21-17.46.28:040][  0]LogWindows: EnumDisplayDevices:
[2023.09.21-17.46.28:040][  0]LogWindows:    0. 'NVIDIA GeForce RTX 3080 Ti' (P:1 D:1)
[2023.09.21-17.46.28:040][  0]LogWindows:    1. 'NVIDIA GeForce RTX 3080 Ti' (P:0 D:1)
[2023.09.21-17.46.28:040][  0]LogWindows:    2. 'NVIDIA GeForce RTX 3080 Ti' (P:0 D:0)
[2023.09.21-17.46.28:040][  0]LogWindows:    3. 'NVIDIA GeForce RTX 3080 Ti' (P:0 D:0)
[2023.09.21-17.46.28:040][  0]LogWindows: DebugString: FoundDriverCount:4 
[2023.09.21-17.46.28:040][  0]LogD3D11RHI:     Adapter Name: NVIDIA GeForce RTX 3080 Ti
[2023.09.21-17.46.28:041][  0]LogD3D11RHI:   Driver Version: 537.13 (internal:31.0.15.3713, unified:537.13)
[2023.09.21-17.46.28:041][  0]LogD3D11RHI:      Driver Date: 8-14-2023
[2023.09.21-17.46.28:041][  0]LogRHI: Texture pool is 8470 MB (70% of 12100 MB)
[2023.09.21-17.46.28:117][  0]LogD3D11RHI: RHI has support for 64 bit atomics
[2023.09.21-17.46.28:117][  0]LogD3D11RHI: Async texture creation enabled
[2023.09.21-17.46.28:117][  0]LogD3D11RHI: Array index from any shader is supported
[2023.09.21-17.46.28:131][  0]LogD3D11RHI: GPU Timing Frequency: 1000.000000 (Debug: 2 1)
[2023.09.21-17.46.28:354][  0]LogTargetPlatformManager: Display: Loaded TargetPlatform 'AllDesktop'
[2023.09.21-17.46.28:369][  0]LogTargetPlatformManager: Display: Loaded TargetPlatform 'Android'
[2023.09.21-17.46.28:369][  0]LogTargetPlatformManager: Display: Loaded TargetPlatform 'Android_ASTC'
[2023.09.21-17.46.28:369][  0]LogTargetPlatformManager: Display: Loaded TargetPlatform 'Android_DXT'
[2023.09.21-17.46.28:369][  0]LogTargetPlatformManager: Display: Loaded TargetPlatform 'Android_ETC2'
[2023.09.21-17.46.28:369][  0]LogTargetPlatformManager: Display: Loaded TargetPlatform 'AndroidClient'
[2023.09.21-17.46.28:369][  0]LogTargetPlatformManager: Display: Loaded TargetPlatform 'Android_ASTCClient'
[2023.09.21-17.46.28:369][  0]LogTargetPlatformManager: Display: Loaded TargetPlatform 'Android_DXTClient'
[2023.09.21-17.46.28:369][  0]LogTargetPlatformManager: Display: Loaded TargetPlatform 'Android_ETC2Client'
[2023.09.21-17.46.28:369][  0]LogTargetPlatformManager: Display: Loaded TargetPlatform 'Android_Multi'
[2023.09.21-17.46.28:369][  0]LogTargetPlatformManager: Display: Loaded TargetPlatform 'Android_MultiClient'
[2023.09.21-17.46.28:391][  0]LogTargetPlatformManager: Display: Loaded TargetPlatform 'IOSClient'
[2023.09.21-17.46.28:391][  0]LogTargetPlatformManager: Display: Loaded TargetPlatform 'IOS'
[2023.09.21-17.46.28:399][  0]LogTargetPlatformManager: Display: Loaded TargetPlatform 'Linux'
[2023.09.21-17.46.28:405][  0]LogTargetPlatformManager: Display: Loaded TargetPlatform 'LinuxNoEditor'
[2023.09.21-17.46.28:414][  0]LogTargetPlatformManager: Display: Loaded TargetPlatform 'LinuxClient'
[2023.09.21-17.46.28:421][  0]LogTargetPlatformManager: Display: Loaded TargetPlatform 'LinuxServer'
[2023.09.21-17.46.28:429][  0]LogTargetPlatformManager: Display: Loaded TargetPlatform 'LinuxAArch64NoEditor'
[2023.09.21-17.46.28:436][  0]LogTargetPlatformManager: Display: Loaded TargetPlatform 'LinuxAArch64Client'
[2023.09.21-17.46.28:444][  0]LogTargetPlatformManager: Display: Loaded TargetPlatform 'LinuxAArch64Server'
[2023.09.21-17.46.28:462][  0]LogTargetPlatformManager: Display: Loaded TargetPlatform 'Lumin'
[2023.09.21-17.46.28:462][  0]LogTargetPlatformManager: Display: Loaded TargetPlatform 'LuminClient'
[2023.09.21-17.46.28:476][  0]LogTargetPlatformManager: Display: Loaded TargetPlatform 'TVOSClient'
[2023.09.21-17.46.28:476][  0]LogTargetPlatformManager: Display: Loaded TargetPlatform 'TVOS'
[2023.09.21-17.46.28:484][  0]LogTargetPlatformManager: Display: Loaded TargetPlatform 'WindowsNoEditor'
[2023.09.21-17.46.28:492][  0]LogTargetPlatformManager: Display: Loaded TargetPlatform 'Windows'
[2023.09.21-17.46.28:499][  0]LogTargetPlatformManager: Display: Loaded TargetPlatform 'WindowsClient'
[2023.09.21-17.46.28:507][  0]LogTargetPlatformManager: Display: Loaded TargetPlatform 'WindowsServer'
[2023.09.21-17.46.28:507][  0]LogTargetPlatformManager: Display: Building Assets For Windows
[2023.09.21-17.46.28:520][  0]LogAudioDebug: Display: Lib vorbis DLL was dynamically loaded.
[2023.09.21-17.46.28:593][  0]LogShaderCompilers: Guid format shader working directory is 7 characters bigger than the processId version (../../../../../../Unreal Projects/Abstraction/Intermediate/Shaders/WorkingDirectory/24212/).
[2023.09.21-17.46.28:593][  0]LogShaderCompilers: Cleaned the shader compiler working directory 'C:/Users/Matthew Lowe/AppData/Local/Temp/UnrealShaderWorkingDir/89453DCD4F46DC1DF21CD9A8A69B0A8B/'.
[2023.09.21-17.46.28:593][  0]LogXGEController: Cleaning working directory: C:/Users/Matthew Lowe/AppData/Local/Temp/UnrealXGEWorkingDir/
[2023.09.21-17.46.28:593][  0]LogXGEController: Cannot use XGE Controller as Incredibuild is not installed on this machine.
[2023.09.21-17.46.28:594][  0]LogShaderCompilers: Cannot use XGE Shader Compiler as Incredibuild is not installed on this machine.
[2023.09.21-17.46.28:594][  0]LogShaderCompilers: Display: Using Local Shader Compiler.
[2023.09.21-17.46.29:130][  0]LogDerivedDataCache: Display: Max Cache Size: 512 MB
[2023.09.21-17.46.29:183][  0]LogDerivedDataCache: Loaded boot cache 0.05s 75MB C:/Users/Matthew Lowe/AppData/Local/UnrealEngine/4.25/DerivedDataCache/Boot.ddc.
[2023.09.21-17.46.29:183][  0]LogDerivedDataCache: Display: Loaded Boot cache: C:/Users/Matthew Lowe/AppData/Local/UnrealEngine/4.25/DerivedDataCache/Boot.ddc
[2023.09.21-17.46.29:183][  0]LogDerivedDataCache: FDerivedDataBackendGraph:  Pak pak cache file ../../../../../../Unreal Projects/Abstraction/DerivedDataCache/DDC.ddp not found, will not use a pak cache.
[2023.09.21-17.46.29:183][  0]LogDerivedDataCache: Unable to find inner node Pak for hierarchical cache Hierarchy.
[2023.09.21-17.46.29:183][  0]LogDerivedDataCache: FDerivedDataBackendGraph:  CompressedPak pak cache file ../../../../../../Unreal Projects/Abstraction/DerivedDataCache/Compressed.ddp not found, will not use a pak cache.
[2023.09.21-17.46.29:184][  0]LogDerivedDataCache: Unable to find inner node CompressedPak for hierarchical cache Hierarchy.
[2023.09.21-17.46.29:191][  0]LogDerivedDataCache: Display: Pak cache opened for reading ../../../Engine/DerivedDataCache/Compressed.ddp.
[2023.09.21-17.46.29:191][  0]LogDerivedDataCache: FDerivedDataBackendGraph:  EnterprisePak pak cache file ../../../Enterprise/DerivedDataCache/Compressed.ddp not found, will not use a pak cache.
[2023.09.21-17.46.29:192][  0]LogDerivedDataCache: Unable to find inner node EnterprisePak for hierarchical cache Hierarchy.
[2023.09.21-17.46.29:193][  0]LogDerivedDataCache: Using Local data cache path C:/Users/Matthew Lowe/AppData/Local/UnrealEngine/Common/DerivedDataCache: Writable
[2023.09.21-17.46.29:193][  0]LogDerivedDataCache: Shared data cache path not found in *engine.ini, will not use an Shared cache.
[2023.09.21-17.46.29:193][  0]LogDerivedDataCache: Unable to find inner node Shared for hierarchical cache Hierarchy.
[2023.09.21-17.46.29:227][  0]LogSlate: Using FreeType 2.10.0
[2023.09.21-17.46.29:227][  0]LogSlate: SlateFontServices - WITH_FREETYPE: 1, WITH_HARFBUZZ: 1
[2023.09.21-17.46.29:249][  0]LogAssetRegistry: FAssetRegistry took 0.0038 seconds to start up
[2023.09.21-17.46.29:397][  0]LogInit: Selected Device Profile: [Windows]
[2023.09.21-17.46.29:496][  0]LogMeshReduction: Using QuadricMeshReduction for automatic static mesh reduction
[2023.09.21-17.46.29:496][  0]LogMeshReduction: Using SimplygonMeshReduction for automatic skeletal mesh reduction
[2023.09.21-17.46.29:496][  0]LogMeshReduction: Using ProxyLODMeshReduction for automatic mesh merging
[2023.09.21-17.46.29:496][  0]LogMeshReduction: No distributed automatic mesh merging module available
[2023.09.21-17.46.29:496][  0]LogMeshMerging: No distributed automatic mesh merging module available
[2023.09.21-17.46.29:512][  0]LogNetVersion: Abstraction 1.0.0, NetCL: 13144385, EngineNetVer: 14, GameNetVer: 0 (Checksum: 4171889426)
[2023.09.21-17.46.29:779][  0]LogAISub: UAISubsystem::UAISubsystem AISubsystem (000002232E8D8340), frame # 0
[2023.09.21-17.46.29:779][  0]LogAISub: UAISubsystem::UAISubsystem AIPerceptionSystem (000002232E812AC0), frame # 0
[2023.09.21-17.46.29:780][  0]LogAISub: UAISubsystem::UAISubsystem EnvQueryManager (000002232E880A00), frame # 0
[2023.09.21-17.46.29:809][  0]LogPackageLocalizationCache: Processed 19 localized package path(s) for 1 prioritized culture(s) in 0.024976 seconds
[2023.09.21-17.46.29:814][  0]LogUObjectArray: 15917 objects as part of root set at end of initial load.
[2023.09.21-17.46.29:814][  0]LogUObjectAllocator: 3965568 out of 0 bytes used by permanent object pool.
[2023.09.21-17.46.29:814][  0]LogUObjectArray: CloseDisregardForGC: 0/0 objects in disregard for GC pool
[2023.09.21-17.46.30:163][  0]LogTcpMessaging: Initializing TcpMessaging bridge
[2023.09.21-17.46.30:168][  0]LogUdpMessaging: Initializing bridge on interface 0.0.0.0:0 to multicast group 230.0.0.1:6666.
[2023.09.21-17.46.30:231][  0]LogTemp: Error: Abstract Component created
[2023.09.21-17.46.30:282][  0]SourceControl: Source control is disabled
[2023.09.21-17.46.30:282][  0]SourceControl: Source control is disabled
[2023.09.21-17.46.30:286][  0]SourceControl: Source control is disabled
[2023.09.21-17.46.30:289][  0]SourceControl: Source control is disabled
[2023.09.21-17.46.30:298][  0]SourceControl: Source control is disabled
[2023.09.21-17.46.30:567][  0]LogAndroidPermission: UAndroidPermissionCallbackProxy::GetInstance
[2023.09.21-17.46.30:591][  0]LogAudioCaptureCore: Display: No Audio Capture implementations found. Audio input will be silent.
[2023.09.21-17.46.30:591][  0]LogAudioCaptureCore: Display: No Audio Capture implementations found. Audio input will be silent.
[2023.09.21-17.46.30:638][  0]LogOcInput: OculusInput pre-init called
[2023.09.21-17.46.30:649][  0]LogWindows: Failed to load 'OVRPlugin.dll' (GetLastError=126)
[2023.09.21-17.46.30:649][  0]LogWindows: File 'OVRPlugin.dll' does not exist
[2023.09.21-17.46.30:700][  0]LogEngine: Initializing Engine...
[2023.09.21-17.46.30:701][  0]LogHMD: Failed to initialize OpenVR with code 110
[2023.09.21-17.46.30:702][  0]LogMagicLeap: Warning: VR disabled because ZI is not enabled.  To enable, in the editor, Edit -> Project Settings -> Plugins -> Magic Leap Plugin -> Enable Zero Iteration
[2023.09.21-17.46.30:703][  0]LogStats: UGameplayTagsManager::InitializeManager -  0.000 s
[2023.09.21-17.46.30:785][  0]LogInit: Initializing FReadOnlyCVARCache
[2023.09.21-17.46.30:793][  0]LogAIModule: Creating AISystem for world Untitled
[2023.09.21-17.46.30:793][  0]LogAISub: UAISubsystem::UAISubsystem EnvQueryManager (000002233150BC00), frame # 0
[2023.09.21-17.46.30:793][  0]LogAISub: UAISubsystem::UAISubsystem AIPerceptionSystem (0000022331507B00), frame # 0
[2023.09.21-17.46.30:806][  0]LogAudioMixer: Display: Audio Mixer Platform Settings:
[2023.09.21-17.46.30:806][  0]LogAudioMixer: Display: 	Sample Rate:						  48000
[2023.09.21-17.46.30:806][  0]LogAudioMixer: Display: 	Callback Buffer Frame Size Requested: 1024
[2023.09.21-17.46.30:806][  0]LogAudioMixer: Display: 	Callback Buffer Frame Size To Use:	  1024
[2023.09.21-17.46.30:806][  0]LogAudioMixer: Display: 	Number of buffers to queue:			  2
[2023.09.21-17.46.30:806][  0]LogAudioMixer: Display: 	Max Channels (voices):				  32
[2023.09.21-17.46.30:806][  0]LogAudioMixer: Display: 	Number of Async Source Workers:		  0
[2023.09.21-17.46.30:806][  0]LogAudio: Display: AudioDevice MaxSources: 32
[2023.09.21-17.46.30:806][  0]LogAudio: Display: Using built-in audio occlusion.
[2023.09.21-17.46.30:807][  0]LogAudioMixer: Display: Initializing audio mixer.
[2023.09.21-17.46.31:235][  0]LogAudioMixer: Display: 0: FrontLeft
[2023.09.21-17.46.31:235][  0]LogAudioMixer: Display: 1: FrontRight
[2023.09.21-17.46.31:235][  0]LogAudioMixer: Display: 2: FrontCenter
[2023.09.21-17.46.31:235][  0]LogAudioMixer: Display: 3: LowFrequency
[2023.09.21-17.46.31:235][  0]LogAudioMixer: Display: 4: BackLeft
[2023.09.21-17.46.31:235][  0]LogAudioMixer: Display: 5: BackRight
[2023.09.21-17.46.31:235][  0]LogAudioMixer: Display: 6: SideLeft
[2023.09.21-17.46.31:235][  0]LogAudioMixer: Display: 7: SideRight
[2023.09.21-17.46.31:297][  0]LogAudioMixer: Display: Using Audio Device Speakers (PRO X 2 LIGHTSPEED)
[2023.09.21-17.46.31:301][  0]LogAudioMixer: Display: Initializing Sound Submixes...
[2023.09.21-17.46.31:303][  0]LogAudioMixer: Display: Creating Master Submix 'MasterSubmixDefault'
[2023.09.21-17.46.31:304][  0]LogAudioMixer: Display: Creating Master Submix 'MasterReverbSubmixDefault'
[2023.09.21-17.46.31:305][  0]LogAudioMixer: Display: Creating Master Submix 'MasterEQSubmixDefault'
[2023.09.21-17.46.31:307][  0]LogInit: FAudioDevice initialized.
[2023.09.21-17.46.31:308][  0]LogNetVersion: Set ProjectVersion to 1.0.0.0. Version Checksum will be recalculated on next use.
[2023.09.21-17.46.31:377][  0]LogDerivedDataCache: Saved boot cache 0.07s 75MB C:/Users/Matthew Lowe/AppData/Local/UnrealEngine/4.25/DerivedDataCache/Boot.ddc.
[2023.09.21-17.46.31:377][  0]LogInit: Texture streaming: Enabled
[2023.09.21-17.46.31:402][  0]LogEngineSessionManager: EngineSessionManager initialized
[2023.09.21-17.46.31:402][  0]LogEditorSessionSummary: Verbose: Initializing EditorSessionSummaryWriter for editor session tracking
[2023.09.21-17.46.31:404][  0]LogEditorSessionSummary: EditorSessionSummaryWriter initialized
[2023.09.21-17.46.31:439][  0]LogInit: Transaction tracking system initialized
[2023.09.21-17.46.31:478][  0]BlueprintLog: New page: Editor Load
[2023.09.21-17.46.31:560][  0]LocalizationService: Localization service is disabled
[2023.09.21-17.46.31:703][  0]LogCook: Display: Max memory allowance for cook 16384mb min free memory 0mb
[2023.09.21-17.46.31:703][  0]LogCook: Display: Mobile HDR setting 1
[2023.09.21-17.46.31:880][  0]LogFileCache: Scanning file cache for directory 'D:/Unreal Projects/Abstraction/Content/' took 0.00s
[2023.09.21-17.46.32:013][  0]SourceControl: Source control is disabled
[2023.09.21-17.46.32:013][  0]LogUnrealEdMisc: Loading editor; pre map load, took 6.282
[2023.09.21-17.46.32:013][  0]Cmd: MAP LOAD FILE="../../../../../../Unreal Projects/Abstraction/Content/StarterContent/Maps/Minimal_Default.umap" TEMPLATE=0 SHOWPROGRESS=1 FEATURELEVEL=3
[2023.09.21-17.46.32:013][  0]LightingResults: New page: Lighting Build
[2023.09.21-17.46.32:014][  0]LogWorld: UWorld::CleanupWorld for Untitled, bSessionEnded=true, bCleanupResources=true
[2023.09.21-17.46.32:014][  0]LogSlate: InvalidateAllWidgets triggered.  All widgets were invalidated
[2023.09.21-17.46.32:014][  0]MapCheck: New page: Map Check
[2023.09.21-17.46.32:015][  0]LightingResults: New page: Lighting Build
[2023.09.21-17.46.32:024][  0]LogAISub: UAISubsystem::~UAISubsystem EnvQueryManager (000002233150BC00), frame # 0
[2023.09.21-17.46.32:024][  0]LogAISub: UAISubsystem::~UAISubsystem AIPerceptionSystem (0000022331507B00), frame # 0
[2023.09.21-17.46.32:025][  0]LogUObjectHash: Compacting FUObjectHashTables data took   0.57ms
[2023.09.21-17.46.32:115][  0]LogAIModule: Creating AISystem for world Minimal_Default
[2023.09.21-17.46.32:116][  0]LogAISub: UAISubsystem::UAISubsystem EnvQueryManager (00000223415A3E00), frame # 0
[2023.09.21-17.46.32:116][  0]LogAISub: UAISubsystem::UAISubsystem AIPerceptionSystem (0000022341691440), frame # 0
[2023.09.21-17.46.32:122][  0]LogEditorServer: Finished looking for orphan Actors (0.000 secs)
[2023.09.21-17.46.32:135][  0]LogUObjectHash: Compacting FUObjectHashTables data took   0.48ms
[2023.09.21-17.46.32:135][  0]Cmd: MAP CHECKDEP NOCLEARLOG
[2023.09.21-17.46.32:135][  0]MapCheck: Map check complete: 0 Error(s), 0 Warning(s), took 0.102ms to complete.
[2023.09.21-17.46.32:135][  0]LogFileHelpers: Loading map 'Minimal_Default' took 0.123
[2023.09.21-17.46.32:137][  0]LogUnrealEdMisc: Total Editor Startup Time, took 6.407
[2023.09.21-17.46.32:231][  0]LogSlate: Updating window title bar state: overlay mode, drag disabled, window buttons hidden, title bar hidden
[2023.09.21-17.46.32:235][  0]LogSlate: Updating window title bar state: overlay mode, drag disabled, window buttons hidden, title bar hidden
[2023.09.21-17.46.32:240][  0]LogSlate: Updating window title bar state: overlay mode, drag disabled, window buttons hidden, title bar hidden
[2023.09.21-17.46.32:245][  0]LogSlate: Updating window title bar state: overlay mode, drag disabled, window buttons hidden, title bar hidden
[2023.09.21-17.46.32:250][  0]LogCollectionManager: Loaded 0 collections in 0.000551 seconds
[2023.09.21-17.46.32:265][  0]LogFileCache: Scanning file cache for directory 'D:/Unreal Projects/Abstraction/Saved/Collections/' took 0.00s
[2023.09.21-17.46.32:265][  0]LogFileCache: Scanning file cache for directory 'D:/Unreal Projects/Abstraction/Content/Developers/MatthewLowe/Collections/' took 0.00s
[2023.09.21-17.46.32:265][  0]LogFileCache: Scanning file cache for directory 'D:/Unreal Projects/Abstraction/Content/Collections/' took 0.00s
[2023.09.21-17.46.32:265][  0]LogContentBrowser: Native class hierarchy populated in 0.0062 seconds. Added 3429 classes and 824 folders.
[2023.09.21-17.46.32:267][  0]LogContentBrowser: Native class hierarchy updated for 'WidgetCarousel' in 0.0003 seconds. Added 0 classes and 0 folders.
[2023.09.21-17.46.32:314][  0]LogContentBrowser: Native class hierarchy updated for 'AddContentDialog' in 0.0003 seconds. Added 0 classes and 0 folders.
[2023.09.21-17.46.32:315][  0]LogContentBrowser: Native class hierarchy updated for 'SceneOutliner' in 0.0003 seconds. Added 2 classes and 0 folders.
[2023.09.21-17.46.32:339][  0]LogSlate: Took 0.000151 seconds to synchronously load lazily loaded font '../../../Engine/Content/Slate/Fonts/Roboto-Regular.ttf' (155K)
[2023.09.21-17.46.32:340][  0]LogSlate: Took 0.000178 seconds to synchronously load lazily loaded font '../../../Engine/Content/Slate/Fonts/Roboto-Bold.ttf' (160K)
[2023.09.21-17.46.32:344][  0]LogSlate: Took 0.000205 seconds to synchronously load lazily loaded font '../../../Engine/Content/Editor/Slate/Fonts/FontAwesome.ttf' (139K)
[2023.09.21-17.46.32:386][  0]LogRenderer: Reallocating scene render targets to support 1208x572 Format 10 NumSamples 1 (Frame:1).
[2023.09.21-17.46.32:449][  0]LogContentBrowser: Native class hierarchy updated for 'HierarchicalLODOutliner' in 0.0003 seconds. Added 0 classes and 0 folders.
[2023.09.21-17.46.32:449][  0]LogLoad: (Engine Initialization) Total time: 6.72 seconds
[2023.09.21-17.46.32:450][  0]LogLoad: (Engine Initialization) Total Blueprint compile time: 0.00 seconds
[2023.09.21-17.46.32:474][  0]LogAssetRegistry: Asset discovery search completed in 3.2270 seconds
[2023.09.21-17.46.32:477][  0]LogCollectionManager: Fixed up redirectors for 0 collections in 0.000003 seconds (updated 0 objects)
[2023.09.21-17.46.32:478][  0]LogContentStreaming: Texture pool size now 1000 MB
[2023.09.21-17.46.32:487][  0]LogSlate: Took 0.000187 seconds to synchronously load lazily loaded font '../../../Engine/Content/Slate/Fonts/Roboto-Light.ttf' (167K)
[2023.09.21-17.46.34:658][254]LogSlate: Took 0.000182 seconds to synchronously load lazily loaded font '../../../Engine/Content/Slate/Fonts/Roboto-Light.ttf' (167K)
[2023.09.21-17.46.34:697][254]LogTemp: Error: Abstract Component created
[2023.09.21-17.46.34:703][254]LogAssetEditorSubsystem: Opening Asset editor for World /Game/NewLevel.NewLevel
[2023.09.21-17.46.34:714][254]LogUObjectHash: Compacting FUObjectHashTables data took   0.53ms
[2023.09.21-17.46.34:717][254]Cmd: MAP LOAD FILE="../../../../../../Unreal Projects/Abstraction/Content/NewLevel.umap" TEMPLATE=0 SHOWPROGRESS=1 FEATURELEVEL=3
[2023.09.21-17.46.34:717][254]LightingResults: New page: Lighting Build
[2023.09.21-17.46.34:717][254]LoadErrors: New page: Loading map: NewLevel.umap
[2023.09.21-17.46.34:718][254]LogWorld: UWorld::CleanupWorld for Minimal_Default, bSessionEnded=true, bCleanupResources=true
[2023.09.21-17.46.34:718][254]LogSlate: InvalidateAllWidgets triggered.  All widgets were invalidated
[2023.09.21-17.46.34:718][254]MapCheck: New page: Map Check
[2023.09.21-17.46.34:718][254]LightingResults: New page: Lighting Build
[2023.09.21-17.46.34:728][254]LogAISub: UAISubsystem::~UAISubsystem EnvQueryManager (00000223415A3E00), frame # 254
[2023.09.21-17.46.34:728][254]LogAISub: UAISubsystem::~UAISubsystem AIPerceptionSystem (0000022341691440), frame # 254
[2023.09.21-17.46.34:729][254]LogUObjectHash: Compacting FUObjectHashTables data took   0.43ms
[2023.09.21-17.46.34:731][254]LogEditorServer: Finished looking for orphan Actors (0.000 secs)
[2023.09.21-17.46.34:731][254]LogAIModule: Creating AISystem for world NewLevel
[2023.09.21-17.46.34:731][254]LogAISub: UAISubsystem::UAISubsystem EnvQueryManager (00000223315B5200), frame # 254
[2023.09.21-17.46.34:731][254]LogAISub: UAISubsystem::UAISubsystem AIPerceptionSystem (00000223415CA840), frame # 254
[2023.09.21-17.46.34:742][254]LogUObjectHash: Compacting FUObjectHashTables data took   0.44ms
[2023.09.21-17.46.34:750][254]Cmd: MAP CHECKDEP NOCLEARLOG
[2023.09.21-17.46.34:750][254]MapCheck: Map check complete: 0 Error(s), 0 Warning(s), took 0.083ms to complete.
[2023.09.21-17.46.34:751][254]LogFileHelpers: Loading map 'NewLevel' took 0.034
[2023.09.21-17.46.39:574][824]LogEditorViewport: Clicking on Actor (LMB): StaticMeshActor (AbstractCube)
